This file contains any messages produced by compilers while
running configure, to aid debugging if configure makes a mistake.

It was created by Rheia Framework configure 2.0.0, which was
generated by GNU Autoconf 2.65.  Invocation command line was

  $ ../configure --enable-wx29 --enable-unicode --without-irrlicht --without-plplot --prefix=/usr --with-osx_cocoa

## --------- ##
## Platform. ##
## --------- ##

hostname = Graymac.local
uname -m = i386
uname -r = 10.4.0
uname -s = Darwin
uname -v = Darwin Kernel Version 10.4.0: Fri Apr 23 18:28:53 PDT 2010; root:xnu-1504.7.4~1/RELEASE_I386

/usr/bin/uname -p = i386
/bin/uname -X     = unknown

/bin/arch              = unknown
/usr/bin/arch -k       = unknown
/usr/convex/getsysinfo = unknown
/usr/bin/hostinfo      = Mach kernel version:
	 Darwin Kernel Version 10.4.0: Fri Apr 23 18:28:53 PDT 2010; root:xnu-1504.7.4~1/RELEASE_I386
Kernel configured for up to 2 processors.
2 processors are physically available.
2 processors are logically available.
Processor type: i486 (Intel 80486)
Processors active: 0 1
Primary memory available: 4.00 gigabytes
Default processor set: 62 tasks, 276 threads, 2 processors
Load average: 0.88, Mach factor: 1.35
/bin/machine           = unknown
/usr/bin/oslevel       = unknown
/bin/universe          = unknown

PATH: /Library/Frameworks/Python.framework/Versions/2.6/bin
PATH: /sw/bin
PATH: /sw/sbin
PATH: /opt/local/bin
PATH: /opt/local/sbin
PATH: /usr/bin
PATH: /bin
PATH: /usr/sbin
PATH: /sbin
PATH: /usr/local/bin
PATH: /usr/local/git/bin
PATH: /usr/texbin
PATH: /usr/X11/bin
PATH: /usr/X11R6/bin


## ----------- ##
## Core tests. ##
## ----------- ##

configure:1999: checking build system type
configure:2013: result: i386-apple-darwin10.4.0
configure:2033: checking host system type
configure:2046: result: i386-apple-darwin10.4.0
configure:2226: /usr/bin
configure:2240: checking for --without-irrlicht
configure:2271: result: yes
configure:2284: checking for --without-plplot
configure:2315: result: yes
configure:2565: checking for gcc
configure:2581: found /usr/bin/gcc
configure:2592: result: gcc
configure:2821: checking for C compiler version
configure:2830: gcc --version >&5
i686-apple-darwin10-gcc-4.2.1 (GCC) 4.2.1 (Apple Inc. build 5646) (dot 1)
Copyright (C) 2007 Free Software Foundation, Inc.
This is free software; see the source for copying conditions.  There is NO
warranty; not even for MERCHANTABILITY or FITNESS FOR A PARTICULAR PURPOSE.

configure:2841: $? = 0
configure:2830: gcc -v >&5
Using built-in specs.
Target: i686-apple-darwin10
Configured with: /var/tmp/gcc/gcc-5646.1~2/src/configure --disable-checking --enable-werror --prefix=/usr --mandir=/share/man --enable-languages=c,objc,c++,obj-c++ --program-transform-name=/^[cg][^.-]*$/s/$/-4.2/ --with-slibdir=/usr/lib --build=i686-apple-darwin10 --with-gxx-include-dir=/include/c++/4.2.1 --program-prefix=i686-apple-darwin10- --host=x86_64-apple-darwin10 --target=i686-apple-darwin10
Thread model: posix
gcc version 4.2.1 (Apple Inc. build 5646) (dot 1)
configure:2841: $? = 0
configure:2830: gcc -V >&5
gcc-4.2: argument to `-V' is missing
configure:2841: $? = 1
configure:2830: gcc -qversion >&5
i686-apple-darwin10-gcc-4.2.1: no input files
configure:2841: $? = 1
configure:2845: checking whether we are using the GNU C compiler
configure:2864: gcc -c   conftest.c >&5
configure:2864: $? = 0
configure: failed program was:
| /* confdefs.h */
| #define PACKAGE_NAME "Rheia Framework"
| #define PACKAGE_TARNAME "rheia-framework"
| #define PACKAGE_VERSION "2.0.0"
| #define PACKAGE_STRING "Rheia Framework 2.0.0"
| #define PACKAGE_BUGREPORT "info@rheia-framework.com"
| #define PACKAGE_URL ""
| /* end confdefs.h.  */
| 
| int
| main ()
| {
| #ifndef __GNUC__
|        choke me
| #endif
| 
|   ;
|   return 0;
| }
configure:2873: result: no
configure:2882: checking whether gcc accepts -g
configure:2902: gcc -c -g  conftest.c >&5
configure:2902: $? = 0
configure: failed program was:
| /* confdefs.h */
| #define PACKAGE_NAME "Rheia Framework"
| #define PACKAGE_TARNAME "rheia-framework"
| #define PACKAGE_VERSION "2.0.0"
| #define PACKAGE_STRING "Rheia Framework 2.0.0"
| #define PACKAGE_BUGREPORT "info@rheia-framework.com"
| #define PACKAGE_URL ""
| /* end confdefs.h.  */
| 
| int
| main ()
| {
| 
|   ;
|   return 0;
| }
configure:2917: gcc -c   conftest.c >&5
configure:2917: $? = 0
configure: failed program was:
| /* confdefs.h */
| #define PACKAGE_NAME "Rheia Framework"
| #define PACKAGE_TARNAME "rheia-framework"
| #define PACKAGE_VERSION "2.0.0"
| #define PACKAGE_STRING "Rheia Framework 2.0.0"
| #define PACKAGE_BUGREPORT "info@rheia-framework.com"
| #define PACKAGE_URL ""
| /* end confdefs.h.  */
| 
| int
| main ()
| {
| 
|   ;
|   return 0;
| }
configure:2933: gcc -c -g  conftest.c >&5
configure:2933: $? = 0
configure: failed program was:
| /* confdefs.h */
| #define PACKAGE_NAME "Rheia Framework"
| #define PACKAGE_TARNAME "rheia-framework"
| #define PACKAGE_VERSION "2.0.0"
| #define PACKAGE_STRING "Rheia Framework 2.0.0"
| #define PACKAGE_BUGREPORT "info@rheia-framework.com"
| #define PACKAGE_URL ""
| /* end confdefs.h.  */
| 
| int
| main ()
| {
| 
|   ;
|   return 0;
| }
configure:2943: result: no
configure:2960: checking for gcc option to accept ISO C89
configure:3024: gcc  -c   conftest.c >&5
configure:3024: $? = 0
configure: failed program was:
| /* confdefs.h */
| #define PACKAGE_NAME "Rheia Framework"
| #define PACKAGE_TARNAME "rheia-framework"
| #define PACKAGE_VERSION "2.0.0"
| #define PACKAGE_STRING "Rheia Framework 2.0.0"
| #define PACKAGE_BUGREPORT "info@rheia-framework.com"
| #define PACKAGE_URL ""
| /* end confdefs.h.  */
| #include <stdarg.h>
| #include <stdio.h>
| #include <sys/types.h>
| #include <sys/stat.h>
| /* Most of the following tests are stolen from RCS 5.7's src/conf.sh.  */
| struct buf { int x; };
| FILE * (*rcsopen) (struct buf *, struct stat *, int);
| static char *e (p, i)
|      char **p;
|      int i;
| {
|   return p[i];
| }
| static char *f (char * (*g) (char **, int), char **p, ...)
| {
|   char *s;
|   va_list v;
|   va_start (v,p);
|   s = g (p, va_arg (v,int));
|   va_end (v);
|   return s;
| }
| 
| /* OSF 4.0 Compaq cc is some sort of almost-ANSI by default.  It has
|    function prototypes and stuff, but not '\xHH' hex character constants.
|    These don't provoke an error unfortunately, instead are silently treated
|    as 'x'.  The following induces an error, until -std is added to get
|    proper ANSI mode.  Curiously '\x00'!='x' always comes out true, for an
|    array size at least.  It's necessary to write '\x00'==0 to get something
|    that's true only with -std.  */
| int osf4_cc_array ['\x00' == 0 ? 1 : -1];
| 
| /* IBM C 6 for AIX is almost-ANSI by default, but it replaces macro parameters
|    inside strings and character constants.  */
| #define FOO(x) 'x'
| int xlc6_cc_array[FOO(a) == 'x' ? 1 : -1];
| 
| int test (int i, double x);
| struct s1 {int (*f) (int a);};
| struct s2 {int (*f) (double a);};
| int pairnames (int, char **, FILE *(*)(struct buf *, struct stat *, int), int, int);
| int argc;
| char **argv;
| int
| main ()
| {
| return f (e, argv, 0) != argv[0]  ||  f (e, argv, 1) != argv[1];
|   ;
|   return 0;
| }
configure:3024: gcc -qlanglvl=extc89 -c   conftest.c >&5
configure:3024: $? = 0
configure: failed program was:
| /* confdefs.h */
| #define PACKAGE_NAME "Rheia Framework"
| #define PACKAGE_TARNAME "rheia-framework"
| #define PACKAGE_VERSION "2.0.0"
| #define PACKAGE_STRING "Rheia Framework 2.0.0"
| #define PACKAGE_BUGREPORT "info@rheia-framework.com"
| #define PACKAGE_URL ""
| /* end confdefs.h.  */
| #include <stdarg.h>
| #include <stdio.h>
| #include <sys/types.h>
| #include <sys/stat.h>
| /* Most of the following tests are stolen from RCS 5.7's src/conf.sh.  */
| struct buf { int x; };
| FILE * (*rcsopen) (struct buf *, struct stat *, int);
| static char *e (p, i)
|      char **p;
|      int i;
| {
|   return p[i];
| }
| static char *f (char * (*g) (char **, int), char **p, ...)
| {
|   char *s;
|   va_list v;
|   va_start (v,p);
|   s = g (p, va_arg (v,int));
|   va_end (v);
|   return s;
| }
| 
| /* OSF 4.0 Compaq cc is some sort of almost-ANSI by default.  It has
|    function prototypes and stuff, but not '\xHH' hex character constants.
|    These don't provoke an error unfortunately, instead are silently treated
|    as 'x'.  The following induces an error, until -std is added to get
|    proper ANSI mode.  Curiously '\x00'!='x' always comes out true, for an
|    array size at least.  It's necessary to write '\x00'==0 to get something
|    that's true only with -std.  */
| int osf4_cc_array ['\x00' == 0 ? 1 : -1];
| 
| /* IBM C 6 for AIX is almost-ANSI by default, but it replaces macro parameters
|    inside strings and character constants.  */
| #define FOO(x) 'x'
| int xlc6_cc_array[FOO(a) == 'x' ? 1 : -1];
| 
| int test (int i, double x);
| struct s1 {int (*f) (int a);};
| struct s2 {int (*f) (double a);};
| int pairnames (int, char **, FILE *(*)(struct buf *, struct stat *, int), int, int);
| int argc;
| char **argv;
| int
| main ()
| {
| return f (e, argv, 0) != argv[0]  ||  f (e, argv, 1) != argv[1];
|   ;
|   return 0;
| }
configure:3024: gcc -qlanglvl=ansi -c   conftest.c >&5
configure:3024: $? = 0
configure: failed program was:
| /* confdefs.h */
| #define PACKAGE_NAME "Rheia Framework"
| #define PACKAGE_TARNAME "rheia-framework"
| #define PACKAGE_VERSION "2.0.0"
| #define PACKAGE_STRING "Rheia Framework 2.0.0"
| #define PACKAGE_BUGREPORT "info@rheia-framework.com"
| #define PACKAGE_URL ""
| /* end confdefs.h.  */
| #include <stdarg.h>
| #include <stdio.h>
| #include <sys/types.h>
| #include <sys/stat.h>
| /* Most of the following tests are stolen from RCS 5.7's src/conf.sh.  */
| struct buf { int x; };
| FILE * (*rcsopen) (struct buf *, struct stat *, int);
| static char *e (p, i)
|      char **p;
|      int i;
| {
|   return p[i];
| }
| static char *f (char * (*g) (char **, int), char **p, ...)
| {
|   char *s;
|   va_list v;
|   va_start (v,p);
|   s = g (p, va_arg (v,int));
|   va_end (v);
|   return s;
| }
| 
| /* OSF 4.0 Compaq cc is some sort of almost-ANSI by default.  It has
|    function prototypes and stuff, but not '\xHH' hex character constants.
|    These don't provoke an error unfortunately, instead are silently treated
|    as 'x'.  The following induces an error, until -std is added to get
|    proper ANSI mode.  Curiously '\x00'!='x' always comes out true, for an
|    array size at least.  It's necessary to write '\x00'==0 to get something
|    that's true only with -std.  */
| int osf4_cc_array ['\x00' == 0 ? 1 : -1];
| 
| /* IBM C 6 for AIX is almost-ANSI by default, but it replaces macro parameters
|    inside strings and character constants.  */
| #define FOO(x) 'x'
| int xlc6_cc_array[FOO(a) == 'x' ? 1 : -1];
| 
| int test (int i, double x);
| struct s1 {int (*f) (int a);};
| struct s2 {int (*f) (double a);};
| int pairnames (int, char **, FILE *(*)(struct buf *, struct stat *, int), int, int);
| int argc;
| char **argv;
| int
| main ()
| {
| return f (e, argv, 0) != argv[0]  ||  f (e, argv, 1) != argv[1];
|   ;
|   return 0;
| }
configure:3024: gcc -std -c   conftest.c >&5
cc1: error: unrecognized command line option "-std"
configure:3024: $? = 1
configure: failed program was:
| /* confdefs.h */
| #define PACKAGE_NAME "Rheia Framework"
| #define PACKAGE_TARNAME "rheia-framework"
| #define PACKAGE_VERSION "2.0.0"
| #define PACKAGE_STRING "Rheia Framework 2.0.0"
| #define PACKAGE_BUGREPORT "info@rheia-framework.com"
| #define PACKAGE_URL ""
| /* end confdefs.h.  */
| #include <stdarg.h>
| #include <stdio.h>
| #include <sys/types.h>
| #include <sys/stat.h>
| /* Most of the following tests are stolen from RCS 5.7's src/conf.sh.  */
| struct buf { int x; };
| FILE * (*rcsopen) (struct buf *, struct stat *, int);
| static char *e (p, i)
|      char **p;
|      int i;
| {
|   return p[i];
| }
| static char *f (char * (*g) (char **, int), char **p, ...)
| {
|   char *s;
|   va_list v;
|   va_start (v,p);
|   s = g (p, va_arg (v,int));
|   va_end (v);
|   return s;
| }
| 
| /* OSF 4.0 Compaq cc is some sort of almost-ANSI by default.  It has
|    function prototypes and stuff, but not '\xHH' hex character constants.
|    These don't provoke an error unfortunately, instead are silently treated
|    as 'x'.  The following induces an error, until -std is added to get
|    proper ANSI mode.  Curiously '\x00'!='x' always comes out true, for an
|    array size at least.  It's necessary to write '\x00'==0 to get something
|    that's true only with -std.  */
| int osf4_cc_array ['\x00' == 0 ? 1 : -1];
| 
| /* IBM C 6 for AIX is almost-ANSI by default, but it replaces macro parameters
|    inside strings and character constants.  */
| #define FOO(x) 'x'
| int xlc6_cc_array[FOO(a) == 'x' ? 1 : -1];
| 
| int test (int i, double x);
| struct s1 {int (*f) (int a);};
| struct s2 {int (*f) (double a);};
| int pairnames (int, char **, FILE *(*)(struct buf *, struct stat *, int), int, int);
| int argc;
| char **argv;
| int
| main ()
| {
| return f (e, argv, 0) != argv[0]  ||  f (e, argv, 1) != argv[1];
|   ;
|   return 0;
| }
configure:3024: gcc -Ae -c   conftest.c >&5
<command-line>: error: missing '(' after predicate
configure:3024: $? = 1
configure: failed program was:
| /* confdefs.h */
| #define PACKAGE_NAME "Rheia Framework"
| #define PACKAGE_TARNAME "rheia-framework"
| #define PACKAGE_VERSION "2.0.0"
| #define PACKAGE_STRING "Rheia Framework 2.0.0"
| #define PACKAGE_BUGREPORT "info@rheia-framework.com"
| #define PACKAGE_URL ""
| /* end confdefs.h.  */
| #include <stdarg.h>
| #include <stdio.h>
| #include <sys/types.h>
| #include <sys/stat.h>
| /* Most of the following tests are stolen from RCS 5.7's src/conf.sh.  */
| struct buf { int x; };
| FILE * (*rcsopen) (struct buf *, struct stat *, int);
| static char *e (p, i)
|      char **p;
|      int i;
| {
|   return p[i];
| }
| static char *f (char * (*g) (char **, int), char **p, ...)
| {
|   char *s;
|   va_list v;
|   va_start (v,p);
|   s = g (p, va_arg (v,int));
|   va_end (v);
|   return s;
| }
| 
| /* OSF 4.0 Compaq cc is some sort of almost-ANSI by default.  It has
|    function prototypes and stuff, but not '\xHH' hex character constants.
|    These don't provoke an error unfortunately, instead are silently treated
|    as 'x'.  The following induces an error, until -std is added to get
|    proper ANSI mode.  Curiously '\x00'!='x' always comes out true, for an
|    array size at least.  It's necessary to write '\x00'==0 to get something
|    that's true only with -std.  */
| int osf4_cc_array ['\x00' == 0 ? 1 : -1];
| 
| /* IBM C 6 for AIX is almost-ANSI by default, but it replaces macro parameters
|    inside strings and character constants.  */
| #define FOO(x) 'x'
| int xlc6_cc_array[FOO(a) == 'x' ? 1 : -1];
| 
| int test (int i, double x);
| struct s1 {int (*f) (int a);};
| struct s2 {int (*f) (double a);};
| int pairnames (int, char **, FILE *(*)(struct buf *, struct stat *, int), int, int);
| int argc;
| char **argv;
| int
| main ()
| {
| return f (e, argv, 0) != argv[0]  ||  f (e, argv, 1) != argv[1];
|   ;
|   return 0;
| }
configure:3024: gcc -Aa -D_HPUX_SOURCE -c   conftest.c >&5
<command-line>: error: missing '(' after predicate
configure:3024: $? = 1
configure: failed program was:
| /* confdefs.h */
| #define PACKAGE_NAME "Rheia Framework"
| #define PACKAGE_TARNAME "rheia-framework"
| #define PACKAGE_VERSION "2.0.0"
| #define PACKAGE_STRING "Rheia Framework 2.0.0"
| #define PACKAGE_BUGREPORT "info@rheia-framework.com"
| #define PACKAGE_URL ""
| /* end confdefs.h.  */
| #include <stdarg.h>
| #include <stdio.h>
| #include <sys/types.h>
| #include <sys/stat.h>
| /* Most of the following tests are stolen from RCS 5.7's src/conf.sh.  */
| struct buf { int x; };
| FILE * (*rcsopen) (struct buf *, struct stat *, int);
| static char *e (p, i)
|      char **p;
|      int i;
| {
|   return p[i];
| }
| static char *f (char * (*g) (char **, int), char **p, ...)
| {
|   char *s;
|   va_list v;
|   va_start (v,p);
|   s = g (p, va_arg (v,int));
|   va_end (v);
|   return s;
| }
| 
| /* OSF 4.0 Compaq cc is some sort of almost-ANSI by default.  It has
|    function prototypes and stuff, but not '\xHH' hex character constants.
|    These don't provoke an error unfortunately, instead are silently treated
|    as 'x'.  The following induces an error, until -std is added to get
|    proper ANSI mode.  Curiously '\x00'!='x' always comes out true, for an
|    array size at least.  It's necessary to write '\x00'==0 to get something
|    that's true only with -std.  */
| int osf4_cc_array ['\x00' == 0 ? 1 : -1];
| 
| /* IBM C 6 for AIX is almost-ANSI by default, but it replaces macro parameters
|    inside strings and character constants.  */
| #define FOO(x) 'x'
| int xlc6_cc_array[FOO(a) == 'x' ? 1 : -1];
| 
| int test (int i, double x);
| struct s1 {int (*f) (int a);};
| struct s2 {int (*f) (double a);};
| int pairnames (int, char **, FILE *(*)(struct buf *, struct stat *, int), int, int);
| int argc;
| char **argv;
| int
| main ()
| {
| return f (e, argv, 0) != argv[0]  ||  f (e, argv, 1) != argv[1];
|   ;
|   return 0;
| }
configure:3024: gcc -Xc -D__EXTENSIONS__ -c   conftest.c >&5
configure:3024: $? = 0
configure: failed program was:
| /* confdefs.h */
| #define PACKAGE_NAME "Rheia Framework"
| #define PACKAGE_TARNAME "rheia-framework"
| #define PACKAGE_VERSION "2.0.0"
| #define PACKAGE_STRING "Rheia Framework 2.0.0"
| #define PACKAGE_BUGREPORT "info@rheia-framework.com"
| #define PACKAGE_URL ""
| /* end confdefs.h.  */
| #include <stdarg.h>
| #include <stdio.h>
| #include <sys/types.h>
| #include <sys/stat.h>
| /* Most of the following tests are stolen from RCS 5.7's src/conf.sh.  */
| struct buf { int x; };
| FILE * (*rcsopen) (struct buf *, struct stat *, int);
| static char *e (p, i)
|      char **p;
|      int i;
| {
|   return p[i];
| }
| static char *f (char * (*g) (char **, int), char **p, ...)
| {
|   char *s;
|   va_list v;
|   va_start (v,p);
|   s = g (p, va_arg (v,int));
|   va_end (v);
|   return s;
| }
| 
| /* OSF 4.0 Compaq cc is some sort of almost-ANSI by default.  It has
|    function prototypes and stuff, but not '\xHH' hex character constants.
|    These don't provoke an error unfortunately, instead are silently treated
|    as 'x'.  The following induces an error, until -std is added to get
|    proper ANSI mode.  Curiously '\x00'!='x' always comes out true, for an
|    array size at least.  It's necessary to write '\x00'==0 to get something
|    that's true only with -std.  */
| int osf4_cc_array ['\x00' == 0 ? 1 : -1];
| 
| /* IBM C 6 for AIX is almost-ANSI by default, but it replaces macro parameters
|    inside strings and character constants.  */
| #define FOO(x) 'x'
| int xlc6_cc_array[FOO(a) == 'x' ? 1 : -1];
| 
| int test (int i, double x);
| struct s1 {int (*f) (int a);};
| struct s2 {int (*f) (double a);};
| int pairnames (int, char **, FILE *(*)(struct buf *, struct stat *, int), int, int);
| int argc;
| char **argv;
| int
| main ()
| {
| return f (e, argv, 0) != argv[0]  ||  f (e, argv, 1) != argv[1];
|   ;
|   return 0;
| }
configure:3040: result: unsupported
configure:3108: checking for gcc
configure:3135: result: gcc
configure:3364: checking for C compiler version
configure:3373: gcc --version >&5
i686-apple-darwin10-gcc-4.2.1 (GCC) 4.2.1 (Apple Inc. build 5646) (dot 1)
Copyright (C) 2007 Free Software Foundation, Inc.
This is free software; see the source for copying conditions.  There is NO
warranty; not even for MERCHANTABILITY or FITNESS FOR A PARTICULAR PURPOSE.

configure:3384: $? = 0
configure:3373: gcc -v >&5
Using built-in specs.
Target: i686-apple-darwin10
Configured with: /var/tmp/gcc/gcc-5646.1~2/src/configure --disable-checking --enable-werror --prefix=/usr --mandir=/share/man --enable-languages=c,objc,c++,obj-c++ --program-transform-name=/^[cg][^.-]*$/s/$/-4.2/ --with-slibdir=/usr/lib --build=i686-apple-darwin10 --with-gxx-include-dir=/include/c++/4.2.1 --program-prefix=i686-apple-darwin10- --host=x86_64-apple-darwin10 --target=i686-apple-darwin10
Thread model: posix
gcc version 4.2.1 (Apple Inc. build 5646) (dot 1)
configure:3384: $? = 0
configure:3373: gcc -V >&5
gcc-4.2: argument to `-V' is missing
configure:3384: $? = 1
configure:3373: gcc -qversion >&5
i686-apple-darwin10-gcc-4.2.1: no input files
configure:3384: $? = 1
configure:3404: checking whether the C compiler works
configure:3426: gcc    conftest.c  >&5
configure:3430: $? = 0
configure:3479: result: yes
configure:3482: checking for C compiler default output file name
configure:3484: result: a.out
configure:3490: checking for suffix of executables
configure:3497: gcc -o conftest    conftest.c  >&5
configure:3501: $? = 0
configure:3523: result: 
configure:3545: checking whether we are cross compiling
configure:3553: gcc -o conftest    conftest.c  >&5
configure:3557: $? = 0
configure:3564: ./conftest
configure:3568: $? = 0
configure:3583: result: no
configure:3588: checking for suffix of object files
configure:3610: gcc -c   conftest.c >&5
configure:3614: $? = 0
configure:3635: result: o
configure:3639: checking whether we are using the GNU C compiler
configure:3667: result: no
configure:3676: checking whether gcc accepts -g
configure:3737: result: no
configure:3754: checking for gcc option to accept ISO C89
configure:3834: result: unsupported
configure:3860: checking whether we are using the Intel C compiler
configure:3880: gcc -c   conftest.c >&5
conftest.c: In function 'main':
conftest.c:15: error: 'choke' undeclared (first use in this function)
conftest.c:15: error: (Each undeclared identifier is reported only once
conftest.c:15: error: for each function it appears in.)
conftest.c:15: error: expected ';' before 'me'
configure:3880: $? = 1
configure: failed program was:
| /* confdefs.h */
| #define PACKAGE_NAME "Rheia Framework"
| #define PACKAGE_TARNAME "rheia-framework"
| #define PACKAGE_VERSION "2.0.0"
| #define PACKAGE_STRING "Rheia Framework 2.0.0"
| #define PACKAGE_BUGREPORT "info@rheia-framework.com"
| #define PACKAGE_URL ""
| /* end confdefs.h.  */
| 
| int
| main ()
| {
| 
|              #ifndef __INTEL_COMPILER
|                 choke me
|              #endif
| 
|   ;
|   return 0;
| }
configure:3890: result: no
configure:4220: checking whether we are using the Metrowerks C compiler
configure:4240: gcc -c   conftest.c >&5
conftest.c: In function 'main':
conftest.c:15: error: 'choke' undeclared (first use in this function)
conftest.c:15: error: (Each undeclared identifier is reported only once
conftest.c:15: error: for each function it appears in.)
conftest.c:15: error: expected ';' before 'me'
configure:4240: $? = 1
configure: failed program was:
| /* confdefs.h */
| #define PACKAGE_NAME "Rheia Framework"
| #define PACKAGE_TARNAME "rheia-framework"
| #define PACKAGE_VERSION "2.0.0"
| #define PACKAGE_STRING "Rheia Framework 2.0.0"
| #define PACKAGE_BUGREPORT "info@rheia-framework.com"
| #define PACKAGE_URL ""
| /* end confdefs.h.  */
| 
| int
| main ()
| {
| 
|              #ifndef __MWERKS__
|                 choke me
|              #endif
| 
|   ;
|   return 0;
| }
configure:4250: result: no
configure:4274: checking whether we are using the IBM xlC C compiler
configure:4294: gcc -c   conftest.c >&5
conftest.c: In function 'main':
conftest.c:15: error: 'choke' undeclared (first use in this function)
conftest.c:15: error: (Each undeclared identifier is reported only once
conftest.c:15: error: for each function it appears in.)
conftest.c:15: error: expected ';' before 'me'
configure:4294: $? = 1
configure: failed program was:
| /* confdefs.h */
| #define PACKAGE_NAME "Rheia Framework"
| #define PACKAGE_TARNAME "rheia-framework"
| #define PACKAGE_VERSION "2.0.0"
| #define PACKAGE_STRING "Rheia Framework 2.0.0"
| #define PACKAGE_BUGREPORT "info@rheia-framework.com"
| #define PACKAGE_URL ""
| /* end confdefs.h.  */
| 
| int
| main ()
| {
| 
|              #ifndef __xlC__
|                 choke me
|              #endif
| 
|   ;
|   return 0;
| }
configure:4304: result: no
configure:4665: checking for g++
configure:4681: found /usr/bin/g++
configure:4692: result: g++
configure:4719: checking for C++ compiler version
configure:4728: g++ --version >&5
i686-apple-darwin10-g++-4.2.1 (GCC) 4.2.1 (Apple Inc. build 5646) (dot 1)
Copyright (C) 2007 Free Software Foundation, Inc.
This is free software; see the source for copying conditions.  There is NO
warranty; not even for MERCHANTABILITY or FITNESS FOR A PARTICULAR PURPOSE.

configure:4739: $? = 0
configure:4728: g++ -v >&5
Using built-in specs.
Target: i686-apple-darwin10
Configured with: /var/tmp/gcc/gcc-5646.1~2/src/configure --disable-checking --enable-werror --prefix=/usr --mandir=/share/man --enable-languages=c,objc,c++,obj-c++ --program-transform-name=/^[cg][^.-]*$/s/$/-4.2/ --with-slibdir=/usr/lib --build=i686-apple-darwin10 --with-gxx-include-dir=/include/c++/4.2.1 --program-prefix=i686-apple-darwin10- --host=x86_64-apple-darwin10 --target=i686-apple-darwin10
Thread model: posix
gcc version 4.2.1 (Apple Inc. build 5646) (dot 1)
configure:4739: $? = 0
configure:4728: g++ -V >&5
g++-4.2: argument to `-V' is missing
configure:4739: $? = 1
configure:4728: g++ -qversion >&5
i686-apple-darwin10-g++-4.2.1: no input files
configure:4739: $? = 1
configure:4743: checking whether we are using the GNU C++ compiler
configure:4762: g++ -c -I/usr/include  conftest.cpp >&5
configure:4762: $? = 0
configure:4771: result: yes
configure:4780: checking whether g++ accepts -g
configure:4800: g++ -c -g  conftest.cpp >&5
configure:4800: $? = 0
configure:4841: result: yes
configure:4979: checking for C++ compiler version
configure:4988: g++ --version >&5
i686-apple-darwin10-g++-4.2.1 (GCC) 4.2.1 (Apple Inc. build 5646) (dot 1)
Copyright (C) 2007 Free Software Foundation, Inc.
This is free software; see the source for copying conditions.  There is NO
warranty; not even for MERCHANTABILITY or FITNESS FOR A PARTICULAR PURPOSE.

configure:4999: $? = 0
configure:4988: g++ -v >&5
Using built-in specs.
Target: i686-apple-darwin10
Configured with: /var/tmp/gcc/gcc-5646.1~2/src/configure --disable-checking --enable-werror --prefix=/usr --mandir=/share/man --enable-languages=c,objc,c++,obj-c++ --program-transform-name=/^[cg][^.-]*$/s/$/-4.2/ --with-slibdir=/usr/lib --build=i686-apple-darwin10 --with-gxx-include-dir=/include/c++/4.2.1 --program-prefix=i686-apple-darwin10- --host=x86_64-apple-darwin10 --target=i686-apple-darwin10
Thread model: posix
gcc version 4.2.1 (Apple Inc. build 5646) (dot 1)
configure:4999: $? = 0
configure:4988: g++ -V >&5
g++-4.2: argument to `-V' is missing
configure:4999: $? = 1
configure:4988: g++ -qversion >&5
i686-apple-darwin10-g++-4.2.1: no input files
configure:4999: $? = 1
configure:5003: checking whether we are using the GNU C++ compiler
configure:5031: result: yes
configure:5040: checking whether g++ accepts -g
configure:5101: result: yes
configure:5133: checking whether we are using the Intel C++ compiler
configure:5153: g++ -c -I/usr/include  conftest.cpp >&5
conftest.cpp: In function 'int main()':
conftest.cpp:15: error: 'choke' was not declared in this scope
conftest.cpp:15: error: expected `;' before 'me'
configure:5153: $? = 1
configure: failed program was:
| /* confdefs.h */
| #define PACKAGE_NAME "Rheia Framework"
| #define PACKAGE_TARNAME "rheia-framework"
| #define PACKAGE_VERSION "2.0.0"
| #define PACKAGE_STRING "Rheia Framework 2.0.0"
| #define PACKAGE_BUGREPORT "info@rheia-framework.com"
| #define PACKAGE_URL ""
| /* end confdefs.h.  */
| 
| int
| main ()
| {
| 
|              #ifndef __INTEL_COMPILER
|                 choke me
|              #endif
| 
|   ;
|   return 0;
| }
configure:5163: result: no
configure:5493: checking whether we are using the Metrowerks C++ compiler
configure:5513: g++ -c -I/usr/include  conftest.cpp >&5
conftest.cpp: In function 'int main()':
conftest.cpp:15: error: 'choke' was not declared in this scope
conftest.cpp:15: error: expected `;' before 'me'
configure:5513: $? = 1
configure: failed program was:
| /* confdefs.h */
| #define PACKAGE_NAME "Rheia Framework"
| #define PACKAGE_TARNAME "rheia-framework"
| #define PACKAGE_VERSION "2.0.0"
| #define PACKAGE_STRING "Rheia Framework 2.0.0"
| #define PACKAGE_BUGREPORT "info@rheia-framework.com"
| #define PACKAGE_URL ""
| /* end confdefs.h.  */
| 
| int
| main ()
| {
| 
|              #ifndef __MWERKS__
|                 choke me
|              #endif
| 
|   ;
|   return 0;
| }
configure:5523: result: no
configure:5547: checking whether we are using the IBM xlC C++ compiler
configure:5567: g++ -c -I/usr/include  conftest.cpp >&5
conftest.cpp: In function 'int main()':
conftest.cpp:15: error: 'choke' was not declared in this scope
conftest.cpp:15: error: expected `;' before 'me'
configure:5567: $? = 1
configure: failed program was:
| /* confdefs.h */
| #define PACKAGE_NAME "Rheia Framework"
| #define PACKAGE_TARNAME "rheia-framework"
| #define PACKAGE_VERSION "2.0.0"
| #define PACKAGE_STRING "Rheia Framework 2.0.0"
| #define PACKAGE_BUGREPORT "info@rheia-framework.com"
| #define PACKAGE_URL ""
| /* end confdefs.h.  */
| 
| int
| main ()
| {
| 
|              #ifndef __xlC__
|                 choke me
|              #endif
| 
|   ;
|   return 0;
| }
configure:5577: result: no
configure:5894: checking for a BSD-compatible install
configure:5962: result: /opt/local/bin/ginstall -c
configure:6032: checking for ranlib
configure:6048: found /usr/bin/ranlib
configure:6059: result: ranlib
configure:6082: checking whether ln -s works
configure:6086: result: yes
configure:6094: checking whether make sets $(MAKE)
configure:6116: result: yes
configure:6179: checking for ar
configure:6195: found /usr/bin/ar
configure:6206: result: ar
configure:6275: checking for strip
configure:6291: found /usr/bin/strip
configure:6302: result: strip
configure:6367: checking for nm
configure:6383: found /usr/bin/nm
configure:6394: result: nm
configure:6417: checking for command to install directories
configure:6424: result: /opt/local/bin/ginstall -c -d
configure:6442: checking if make is GNU make
configure:6456: result: yes
configure:6799: checking for gcc 3.1 or later
configure:6821: gcc -c   conftest.c >&5
configure:6821: $? = 0
configure:6834: result: yes
configure:7498: checking for dependency tracking method
configure:7548: result: none
configure:7788: checking for Rez
configure:7804: found /usr/bin/Rez
configure:7816: result: Rez
configure:7826: checking for SetFile
configure:7842: found /usr/bin/SetFile
configure:7854: result: SetFile
configure:8266: creating ./config.status

## ---------------------- ##
## Running config.status. ##
## ---------------------- ##

This file was extended by Rheia Framework config.status 2.0.0, which was
generated by GNU Autoconf 2.65.  Invocation command line was

  CONFIG_FILES    = 
  CONFIG_HEADERS  = 
  CONFIG_LINKS    = 
  CONFIG_COMMANDS = 
  $ ./config.status 

on Graymac.local

config.status:873: creating Makefile
config.status:873: creating lib/rheia/config/rheia-config

## ---------------- ##
## Cache variables. ##
## ---------------- ##

ac_cv_build=i386-apple-darwin10.4.0
ac_cv_c_compiler_gnu=no
ac_cv_cxx_compiler_gnu=yes
ac_cv_env_CCC_set=
ac_cv_env_CCC_value=
ac_cv_env_CC_set=
ac_cv_env_CC_value=
ac_cv_env_CFLAGS_set=
ac_cv_env_CFLAGS_value=
ac_cv_env_CPPFLAGS_set=
ac_cv_env_CPPFLAGS_value=
ac_cv_env_CXXFLAGS_set=set
ac_cv_env_CXXFLAGS_value=-I/usr/include
ac_cv_env_CXX_set=
ac_cv_env_CXX_value=
ac_cv_env_LDFLAGS_set=
ac_cv_env_LDFLAGS_value=
ac_cv_env_LIBS_set=
ac_cv_env_LIBS_value=
ac_cv_env_build_alias_set=
ac_cv_env_build_alias_value=
ac_cv_env_host_alias_set=
ac_cv_env_host_alias_value=
ac_cv_env_target_alias_set=
ac_cv_env_target_alias_value=
ac_cv_host=i386-apple-darwin10.4.0
ac_cv_objext=o
ac_cv_path_install='/opt/local/bin/ginstall -c'
ac_cv_prog_REZ=Rez
ac_cv_prog_SETFILE=SetFile
ac_cv_prog_ac_ct_AR=ar
ac_cv_prog_ac_ct_CC=gcc
ac_cv_prog_ac_ct_CXX=g++
ac_cv_prog_ac_ct_NM=nm
ac_cv_prog_ac_ct_RANLIB=ranlib
ac_cv_prog_ac_ct_STRIP=strip
ac_cv_prog_cc_c89=no
ac_cv_prog_cc_g=no
ac_cv_prog_cxx_g=yes
ac_cv_prog_make_make_set=yes
bakefile_cv_c_compiler___INTEL_COMPILER=no
bakefile_cv_c_compiler___MWERKS__=no
bakefile_cv_c_compiler___xlC__=no
bakefile_cv_cxx_compiler___INTEL_COMPILER=no
bakefile_cv_cxx_compiler___MWERKS__=no
bakefile_cv_cxx_compiler___xlC__=no
bakefile_cv_gcc31=yes
bakefile_cv_prog_makeisgnu=yes
wx_cv_use_irrlicht=rheiaUSE_IRRLICHT=no
wx_cv_use_plplot=rheiaUSE_PLPLOT=no

## ----------------- ##
## Output variables. ##
## ----------------- ##

AIX_CXX_LD=''
ALL_RHEIA_LIBS='utils base loggers workspacemgt packagemgt editor python'
AR='ar'
AROPTIONS='rcu'
BK_DEPS=''
BUILD='release'
BUILT_RHEIA_LIBS='utils base loggers workspacemgt packagemgt editor python'
CC='gcc'
CFLAGS=''
COND_BUILD_debug='#'
COND_BUILD_debug_DEBUG_INFO_default='#'
COND_BUILD_release=''
COND_BUILD_release_DEBUG_INFO_default='#'
COND_DEBUG_FLAG_0=''
COND_DEBUG_FLAG_1='#'
COND_DEBUG_INFO_0=''
COND_DEBUG_INFO_1='#'
COND_DEPS_TRACKING_0=''
COND_DEPS_TRACKING_1='#'
COND_MONOLITHIC_0=''
COND_MONOLITHIC_0_SHARED_1=''
COND_MONOLITHIC_1='#'
COND_MONOLITHIC_1_SHARED_1='#'
COND_OFFICIAL_BUILD_0_PLATFORM_WIN32_1='#'
COND_OFFICIAL_BUILD_1_PLATFORM_WIN32_1='#'
COND_PLATFORM_MACOSX_0_USE_SOVERCYGWIN_0_USE_SOVERSION_1='#'
COND_PLATFORM_MACOSX_0_USE_SOVERSION_1='#'
COND_PLATFORM_MACOSX_1=''
COND_PLATFORM_MACOSX_1_USE_IRRLICHT_1='#'
COND_PLATFORM_MACOSX_1_USE_SOVERSION_1=''
COND_PLATFORM_MAC_0='#'
COND_PLATFORM_MAC_1=''
COND_PLATFORM_OS2_1='#'
COND_PLATFORM_WIN32_0=''
COND_PLATFORM_WIN32_1='#'
COND_PLATFORM_WIN32_1_USE_IRRLICHT_1='#'
COND_SHARED_1=''
COND_TOOLKIT_MAC='#'
COND_UNICODE_1=''
COND_USE_EXCEPTIONS_0='#'
COND_USE_EXCEPTIONS_1=''
COND_USE_IRRLICHT_1='#'
COND_USE_PLPLOT_1='#'
COND_USE_RTTI_0='#'
COND_USE_RTTI_1='#'
COND_USE_SOTWOSYMLINKS_1=''
COND_USE_SOVERCYGWIN_1_USE_SOVERSION_1='#'
COND_USE_SOVERLINUX_1='#'
COND_USE_SOVERSION_0='#'
COND_USE_SOVERSION_1_USE_SOVERSOLARIS_1='#'
COND_USE_SOVERSOLARIS_1='#'
COND_USE_THREADS_0='#'
COND_USE_THREADS_1=''
COND_USE_WX29_0='#'
COND_USE_WX29_1=''
COND_WINDOWS_IMPLIB_1='#'
CPPFLAGS=''
CXX='g++'
CXXFLAGS='-I/usr/include'
CXXWARNINGS=''
DEBUG_FLAG='0'
DEBUG_INFO='0'
DEFS='-DPACKAGE_NAME=\"Rheia\ Framework\" -DPACKAGE_TARNAME=\"rheia-framework\" -DPACKAGE_VERSION=\"2.0.0\" -DPACKAGE_STRING=\"Rheia\ Framework\ 2.0.0\" -DPACKAGE_BUGREPORT=\"info@rheia-framework.com\" -DPACKAGE_URL=\"\"'
DEPS_TRACKING='0'
DLLIMP_SUFFIX='dylib'
DLLPREFIX='lib'
DLLPREFIX_MODULE=''
DYLIB_RPATH_INSTALL=''
DYLIB_RPATH_POSTLINK=''
ECHO_C='\c'
ECHO_N=''
ECHO_T=''
EGREP='egrep'
EXEEXT=''
EXTRALIBS=''
HOST_SUFFIX=''
IF_GNU_MAKE=''
INSTALL_DATA='${INSTALL} -m 644'
INSTALL_DIR='$(INSTALL) -d'
INSTALL_PROGRAM='${INSTALL}'
INSTALL_SCRIPT='${INSTALL}'
LDFLAGS=''
LDFLAGS_GUI=''
LIBEXT='.a'
LIBOBJS=''
LIBPREFIX='lib'
LIBS=''
LN_S='ln -s'
LTLIBOBJS=''
MAKE_SET=''
MONOLITHIC='0'
NM='nm'
OBJCXXFLAGS=''
OBJEXT='o'
PACKAGE_BUGREPORT='info@rheia-framework.com'
PACKAGE_NAME='Rheia Framework'
PACKAGE_STRING='Rheia Framework 2.0.0'
PACKAGE_TARNAME='rheia-framework'
PACKAGE_URL=''
PACKAGE_VERSION='2.0.0'
PATH_SEPARATOR=':'
PIC_FLAG=''
PLATFORM_BEOS='0'
PLATFORM_MAC='1'
PLATFORM_MACOS='0'
PLATFORM_MACOSX='1'
PLATFORM_MSDOS='0'
PLATFORM_OS2='0'
PLATFORM_UNIX='0'
PLATFORM_WIN32='0'
RANLIB='ranlib'
REZ='Rez'
RHEIACONFIG_CFLAGS=''
RHEIACONFIG_CPPFLAGS=''
RHEIACONFIG_LDFLAGS=''
RHEIA_CHARTYPE='unicode'
RHEIA_FLAVOUR=''
RHEIA_LIBRARY_BASENAME_GUI='rheia_osx_cocoau'
RHEIA_LIBRARY_BASENAME_NOGUI='rheia_osx_cocoau'
RHEIA_LIB_FLAVOUR=''
RHEIA_MSW_VERSION='200'
RHEIA_RELEASE='2.0'
RHEIA_SUBVERSION='2.0.0.0'
RHEIA_UNIV='0'
RHEIA_VERSION='2.0.0'
SETFILE='SetFile'
SET_MAKE=''
SHARED='1'
SHARED_LD_CC='${CC} -dynamiclib -single_module -headerpad_max_install_names -o'
SHARED_LD_CXX='${CXX} -dynamiclib -single_module -headerpad_max_install_names -o'
SHARED_LD_MODULE_CC='/Users/nicolas/Code/rheia/osx-build/shared-ld-sh -bundle -headerpad_max_install_names -o'
SHARED_LD_MODULE_CXX='CXX="$(CXX)" /Users/nicolas/Code/rheia/osx-build/shared-ld-sh -bundle -headerpad_max_install_names -o'
SHELL='/bin/sh'
SONAME_FLAG=''
SO_SUFFIX='dylib'
SO_SUFFIX_MODULE='bundle'
STD_BASE_LIBS='utils base loggers workspacemgt packagemgt editor python'
STRIP='strip'
TOOLCHAIN_FULLNAME='rheia-config'
TOOLKIT='OSX_COCOA'
TOOLKIT_LOWERCASE='osx_cocoa'
TOOLKIT_VERSION=''
TOOLKI_DIR=''
UNICODE='1'
USE_EXCEPTIONS='1'
USE_IRRLICHT='0'
USE_MACVERSION='1'
USE_PLPLOT='0'
USE_SOTWOSYMLINKS='1'
USE_SOVERCYGWIN='0'
USE_SOVERLINUX='0'
USE_SOVERSION='1'
USE_SOVERSOLARIS='0'
USE_THREADS='1'
USE_WX29='1'
VENDOR='custom'
WINDOWS_IMPLIB='0'
WINDRES=''
WXCONFIG_PATH='/usr/bin'
ac_ct_CC='gcc'
ac_ct_CXX='g++'
bindir='${exec_prefix}/bin'
build='i386-apple-darwin10.4.0'
build_alias=''
build_cpu='i386'
build_os='darwin10.4.0'
build_vendor='apple'
datadir='${datarootdir}'
datarootdir='${prefix}/share'
dlldir='${exec_prefix}/lib'
docdir='${datarootdir}/doc/${PACKAGE_TARNAME}'
dvidir='${docdir}'
exec_prefix='${prefix}'
host='i386-apple-darwin10.4.0'
host_alias=''
host_cpu='i386'
host_os='darwin10.4.0'
host_vendor='apple'
htmldir='${docdir}'
includedir='${prefix}/include'
infodir='${datarootdir}/info'
libdir='${exec_prefix}/lib'
libexecdir='${exec_prefix}/libexec'
localedir='${datarootdir}/locale'
localstatedir='${prefix}/var'
mandir='${datarootdir}/man'
oldincludedir='/usr/include'
pdfdir='${docdir}'
prefix='/usr'
program_transform_name='s,x,x,'
psdir='${docdir}'
rheia_top_builddir='/Users/nicolas/Code/rheia/osx-build'
sbindir='${exec_prefix}/sbin'
sharedstatedir='${prefix}/com'
sysconfdir='${prefix}/etc'
target_alias=''

## ----------- ##
## confdefs.h. ##
## ----------- ##

/* confdefs.h */
#define PACKAGE_NAME "Rheia Framework"
#define PACKAGE_TARNAME "rheia-framework"
#define PACKAGE_VERSION "2.0.0"
#define PACKAGE_STRING "Rheia Framework 2.0.0"
#define PACKAGE_BUGREPORT "info@rheia-framework.com"
#define PACKAGE_URL ""

configure: exit 0
