This file contains any messages produced by compilers while
running configure, to aid debugging if configure makes a mistake.

It was created by swig configure 1.3.29, which was
generated by GNU Autoconf 2.59.  Invocation command line was

  $ ./configure --prefix=/usr

## --------- ##
## Platform. ##
## --------- ##

hostname = numero9
uname -m = x86_64
uname -r = 2.6.26-2-amd64
uname -s = Linux
uname -v = #1 SMP Thu Nov 5 02:23:12 UTC 2009

/usr/bin/uname -p = unknown
/bin/uname -X     = unknown

/bin/arch              = unknown
/usr/bin/arch -k       = unknown
/usr/convex/getsysinfo = unknown
hostinfo               = unknown
/bin/machine           = unknown
/usr/bin/oslevel       = unknown
/bin/universe          = unknown

PATH: /usr/local/sbin
PATH: /usr/local/bin
PATH: /usr/sbin
PATH: /usr/bin
PATH: /sbin
PATH: /bin


## ----------- ##
## Core tests. ##
## ----------- ##

configure:1440: checking build system type
configure:1458: result: x86_64-unknown-linux-gnu
configure:1466: checking host system type
configure:1480: result: x86_64-unknown-linux-gnu
configure:1502: checking for a BSD-compatible install
configure:1557: result: /usr/bin/install -c
configure:1568: checking whether build environment is sane
configure:1611: result: yes
configure:1676: checking for gawk
configure:1692: found /usr/bin/gawk
configure:1702: result: gawk
configure:1712: checking whether make sets $(MAKE)
configure:1732: result: yes
configure:1950: checking for gcc
configure:1966: found /usr/bin/gcc
configure:1976: result: gcc
configure:2220: checking for C compiler version
configure:2223: gcc --version </dev/null >&5
gcc (Debian 4.3.2-1.1) 4.3.2
Copyright (C) 2008 Free Software Foundation, Inc.
This is free software; see the source for copying conditions.  There is NO
warranty; not even for MERCHANTABILITY or FITNESS FOR A PARTICULAR PURPOSE.

configure:2226: $? = 0
configure:2228: gcc -v </dev/null >&5
Using built-in specs.
Target: x86_64-linux-gnu
Configured with: ../src/configure -v --with-pkgversion='Debian 4.3.2-1.1' --with-bugurl=file:///usr/share/doc/gcc-4.3/README.Bugs --enable-languages=c,c++,fortran,objc,obj-c++ --prefix=/usr --enable-shared --with-system-zlib --libexecdir=/usr/lib --without-included-gettext --enable-threads=posix --enable-nls --with-gxx-include-dir=/usr/include/c++/4.3 --program-suffix=-4.3 --enable-clocale=gnu --enable-libstdcxx-debug --enable-objc-gc --enable-mpfr --enable-cld --enable-checking=release --build=x86_64-linux-gnu --host=x86_64-linux-gnu --target=x86_64-linux-gnu
Thread model: posix
gcc version 4.3.2 (Debian 4.3.2-1.1) 
configure:2231: $? = 0
configure:2233: gcc -V </dev/null >&5
gcc: '-V' option must have argument
configure:2236: $? = 1
configure:2259: checking for C compiler default output file name
configure:2262: gcc    conftest.c  >&5
configure:2265: $? = 0
configure:2311: result: a.out
configure:2316: checking whether the C compiler works
configure:2322: ./a.out
configure:2325: $? = 0
configure:2342: result: yes
configure:2349: checking whether we are cross compiling
configure:2351: result: no
configure:2354: checking for suffix of executables
configure:2356: gcc -o conftest    conftest.c  >&5
configure:2359: $? = 0
configure:2384: result: 
configure:2390: checking for suffix of object files
configure:2411: gcc -c   conftest.c >&5
configure:2414: $? = 0
configure:2436: result: o
configure:2440: checking whether we are using the GNU C compiler
configure:2464: gcc -c   conftest.c >&5
configure:2470: $? = 0
configure:2473: test -z 			 || test ! -s conftest.err
configure:2476: $? = 0
configure:2479: test -s conftest.o
configure:2482: $? = 0
configure:2495: result: yes
configure:2501: checking whether gcc accepts -g
configure:2522: gcc -c -g  conftest.c >&5
configure:2528: $? = 0
configure:2531: test -z 			 || test ! -s conftest.err
configure:2534: $? = 0
configure:2537: test -s conftest.o
configure:2540: $? = 0
configure:2551: result: yes
configure:2568: checking for gcc option to accept ANSI C
configure:2638: gcc  -c -g -O2  conftest.c >&5
configure:2644: $? = 0
configure:2647: test -z 			 || test ! -s conftest.err
configure:2650: $? = 0
configure:2653: test -s conftest.o
configure:2656: $? = 0
configure:2674: result: none needed
configure:2692: gcc -c -g -O2  conftest.c >&5
conftest.c:2: error: expected '=', ',', ';', 'asm' or '__attribute__' before 'me'
configure:2698: $? = 1
configure: failed program was:
| #ifndef __cplusplus
|   choke me
| #endif
configure:2839: checking for style of include used by make
configure:2867: result: GNU
configure:2895: checking dependency style of gcc
configure:2985: result: gcc3
configure:3054: checking for g++
configure:3070: found /usr/bin/g++
configure:3080: result: g++
configure:3096: checking for C++ compiler version
configure:3099: g++ --version </dev/null >&5
g++ (Debian 4.3.2-1.1) 4.3.2
Copyright (C) 2008 Free Software Foundation, Inc.
This is free software; see the source for copying conditions.  There is NO
warranty; not even for MERCHANTABILITY or FITNESS FOR A PARTICULAR PURPOSE.

configure:3102: $? = 0
configure:3104: g++ -v </dev/null >&5
Using built-in specs.
Target: x86_64-linux-gnu
Configured with: ../src/configure -v --with-pkgversion='Debian 4.3.2-1.1' --with-bugurl=file:///usr/share/doc/gcc-4.3/README.Bugs --enable-languages=c,c++,fortran,objc,obj-c++ --prefix=/usr --enable-shared --with-system-zlib --libexecdir=/usr/lib --without-included-gettext --enable-threads=posix --enable-nls --with-gxx-include-dir=/usr/include/c++/4.3 --program-suffix=-4.3 --enable-clocale=gnu --enable-libstdcxx-debug --enable-objc-gc --enable-mpfr --enable-cld --enable-checking=release --build=x86_64-linux-gnu --host=x86_64-linux-gnu --target=x86_64-linux-gnu
Thread model: posix
gcc version 4.3.2 (Debian 4.3.2-1.1) 
configure:3107: $? = 0
configure:3109: g++ -V </dev/null >&5
g++: '-V' option must have argument
configure:3112: $? = 1
configure:3115: checking whether we are using the GNU C++ compiler
configure:3139: g++ -c   conftest.cc >&5
configure:3145: $? = 0
configure:3148: test -z 			 || test ! -s conftest.err
configure:3151: $? = 0
configure:3154: test -s conftest.o
configure:3157: $? = 0
configure:3170: result: yes
configure:3176: checking whether g++ accepts -g
configure:3197: g++ -c -g  conftest.cc >&5
configure:3203: $? = 0
configure:3206: test -z 			 || test ! -s conftest.err
configure:3209: $? = 0
configure:3212: test -s conftest.o
configure:3215: $? = 0
configure:3226: result: yes
configure:3268: g++ -c -g -O2  conftest.cc >&5
configure:3274: $? = 0
configure:3277: test -z 			 || test ! -s conftest.err
configure:3280: $? = 0
configure:3283: test -s conftest.o
configure:3286: $? = 0
configure:3312: g++ -c -g -O2  conftest.cc >&5
conftest.cc: In function 'int main()':
conftest.cc:15: error: 'exit' was not declared in this scope
configure:3318: $? = 1
configure: failed program was:
| /* confdefs.h.  */
| 
| #define PACKAGE_NAME "swig"
| #define PACKAGE_TARNAME "swig"
| #define PACKAGE_VERSION "1.3.29"
| #define PACKAGE_STRING "swig 1.3.29"
| #define PACKAGE_BUGREPORT "http://www.swig.org"
| #define PACKAGE "swig"
| #define VERSION "1.3.29"
| /* end confdefs.h.  */
| 
| int
| main ()
| {
| exit (42);
|   ;
|   return 0;
| }
configure:3268: g++ -c -g -O2  conftest.cc >&5
conftest.cc:11: error: 'void std::exit(int)' should have been declared inside 'std'
configure:3274: $? = 1
configure: failed program was:
| /* confdefs.h.  */
| 
| #define PACKAGE_NAME "swig"
| #define PACKAGE_TARNAME "swig"
| #define PACKAGE_VERSION "1.3.29"
| #define PACKAGE_STRING "swig 1.3.29"
| #define PACKAGE_BUGREPORT "http://www.swig.org"
| #define PACKAGE "swig"
| #define VERSION "1.3.29"
| /* end confdefs.h.  */
| extern "C" void std::exit (int) throw (); using std::exit;
| #include <stdlib.h>
| int
| main ()
| {
| exit (42);
|   ;
|   return 0;
| }
configure:3268: g++ -c -g -O2  conftest.cc >&5
conftest.cc:11: error: 'void std::exit(int)' should have been declared inside 'std'
In file included from conftest.cc:12:
/usr/include/stdlib.h:531: error: declaration of 'void std::exit(int) throw ()' throws different exceptions
conftest.cc:11: error: from previous declaration 'void std::exit(int)'
configure:3274: $? = 1
configure: failed program was:
| /* confdefs.h.  */
| 
| #define PACKAGE_NAME "swig"
| #define PACKAGE_TARNAME "swig"
| #define PACKAGE_VERSION "1.3.29"
| #define PACKAGE_STRING "swig 1.3.29"
| #define PACKAGE_BUGREPORT "http://www.swig.org"
| #define PACKAGE "swig"
| #define VERSION "1.3.29"
| /* end confdefs.h.  */
| extern "C" void std::exit (int); using std::exit;
| #include <stdlib.h>
| int
| main ()
| {
| exit (42);
|   ;
|   return 0;
| }
configure:3268: g++ -c -g -O2  conftest.cc >&5
configure:3274: $? = 0
configure:3277: test -z 			 || test ! -s conftest.err
configure:3280: $? = 0
configure:3283: test -s conftest.o
configure:3286: $? = 0
configure:3312: g++ -c -g -O2  conftest.cc >&5
configure:3318: $? = 0
configure:3321: test -z 			 || test ! -s conftest.err
configure:3324: $? = 0
configure:3327: test -s conftest.o
configure:3330: $? = 0
configure:3355: checking dependency style of g++
configure:3445: result: gcc3
configure:3466: checking for bison
configure:3482: found /usr/bin/bison
configure:3492: result: bison -y
configure:3546: checking for ranlib
configure:3562: found /usr/bin/ranlib
configure:3573: result: ranlib
configure:3586: checking whether gcc and cc understand -c and -o together
configure:3616: gcc -c conftest.c -o conftest.o >&5
configure:3619: $? = 0
configure:3621: gcc -c conftest.c -o conftest.o >&5
configure:3624: $? = 0
configure:3631: cc -c conftest.c >&5
configure:3634: $? = 0
configure:3637: cc -c conftest.c -o conftest.o >&5
configure:3640: $? = 0
configure:3642: cc -c conftest.c -o conftest.o >&5
configure:3645: $? = 0
configure:3663: result: yes
configure:3692: checking for ar
configure:3708: found /usr/bin/ar
configure:3718: result: ar
configure:3732: checking maximum warning verbosity option
configure:3770: result: -Wall -W -ansi -pedantic for C++ -Wall -W -ansi -pedantic for C
configure:3794: checking how to run the C preprocessor
configure:3829: gcc -E  conftest.c
configure:3835: $? = 0
configure:3867: gcc -E  conftest.c
conftest.c:16:28: error: ac_nonexistent.h: No such file or directory
configure:3873: $? = 1
configure: failed program was:
| /* confdefs.h.  */
| 
| #define PACKAGE_NAME "swig"
| #define PACKAGE_TARNAME "swig"
| #define PACKAGE_VERSION "1.3.29"
| #define PACKAGE_STRING "swig 1.3.29"
| #define PACKAGE_BUGREPORT "http://www.swig.org"
| #define PACKAGE "swig"
| #define VERSION "1.3.29"
| #ifdef __cplusplus
| extern "C" void exit (int) throw ();
| #endif
| #define SWIG_CXX "g++"
| #define SWIG_PLATFORM "x86_64-unknown-linux-gnu"
| /* end confdefs.h.  */
| #include <ac_nonexistent.h>
configure:3912: result: gcc -E
configure:3936: gcc -E  conftest.c
configure:3942: $? = 0
configure:3974: gcc -E  conftest.c
conftest.c:16:28: error: ac_nonexistent.h: No such file or directory
configure:3980: $? = 1
configure: failed program was:
| /* confdefs.h.  */
| 
| #define PACKAGE_NAME "swig"
| #define PACKAGE_TARNAME "swig"
| #define PACKAGE_VERSION "1.3.29"
| #define PACKAGE_STRING "swig 1.3.29"
| #define PACKAGE_BUGREPORT "http://www.swig.org"
| #define PACKAGE "swig"
| #define VERSION "1.3.29"
| #ifdef __cplusplus
| extern "C" void exit (int) throw ();
| #endif
| #define SWIG_CXX "g++"
| #define SWIG_PLATFORM "x86_64-unknown-linux-gnu"
| /* end confdefs.h.  */
| #include <ac_nonexistent.h>
configure:4024: checking for egrep
configure:4034: result: grep -E
configure:4039: checking for ANSI C header files
configure:4064: gcc -c -g -O2 -Wall -W -ansi -pedantic  conftest.c >&5
configure:4070: $? = 0
configure:4073: test -z 			 || test ! -s conftest.err
configure:4076: $? = 0
configure:4079: test -s conftest.o
configure:4082: $? = 0
configure:4171: gcc -o conftest -g -O2 -Wall -W -ansi -pedantic   conftest.c  >&5
conftest.c: In function 'main':
conftest.c:33: warning: implicit declaration of function 'exit'
conftest.c:33: warning: incompatible implicit declaration of built-in function 'exit'
configure:4174: $? = 0
configure:4176: ./conftest
configure:4179: $? = 0
configure:4194: result: yes
configure:4234: checking for sys/types.h
configure:4250: g++ -c -g -O2 -Wall -W -ansi -pedantic  conftest.cc >&5
configure:4256: $? = 0
configure:4259: test -z 			 || test ! -s conftest.err
configure:4262: $? = 0
configure:4265: test -s conftest.o
configure:4268: $? = 0
configure:4279: result: yes
configure:4234: checking for sys/stat.h
configure:4250: g++ -c -g -O2 -Wall -W -ansi -pedantic  conftest.cc >&5
configure:4256: $? = 0
configure:4259: test -z 			 || test ! -s conftest.err
configure:4262: $? = 0
configure:4265: test -s conftest.o
configure:4268: $? = 0
configure:4279: result: yes
configure:4234: checking for stdlib.h
configure:4250: g++ -c -g -O2 -Wall -W -ansi -pedantic  conftest.cc >&5
configure:4256: $? = 0
configure:4259: test -z 			 || test ! -s conftest.err
configure:4262: $? = 0
configure:4265: test -s conftest.o
configure:4268: $? = 0
configure:4279: result: yes
configure:4234: checking for string.h
configure:4250: g++ -c -g -O2 -Wall -W -ansi -pedantic  conftest.cc >&5
configure:4256: $? = 0
configure:4259: test -z 			 || test ! -s conftest.err
configure:4262: $? = 0
configure:4265: test -s conftest.o
configure:4268: $? = 0
configure:4279: result: yes
configure:4234: checking for memory.h
configure:4250: g++ -c -g -O2 -Wall -W -ansi -pedantic  conftest.cc >&5
configure:4256: $? = 0
configure:4259: test -z 			 || test ! -s conftest.err
configure:4262: $? = 0
configure:4265: test -s conftest.o
configure:4268: $? = 0
configure:4279: result: yes
configure:4234: checking for strings.h
configure:4250: g++ -c -g -O2 -Wall -W -ansi -pedantic  conftest.cc >&5
configure:4256: $? = 0
configure:4259: test -z 			 || test ! -s conftest.err
configure:4262: $? = 0
configure:4265: test -s conftest.o
configure:4268: $? = 0
configure:4279: result: yes
configure:4234: checking for inttypes.h
configure:4250: g++ -c -g -O2 -Wall -W -ansi -pedantic  conftest.cc >&5
configure:4256: $? = 0
configure:4259: test -z 			 || test ! -s conftest.err
configure:4262: $? = 0
configure:4265: test -s conftest.o
configure:4268: $? = 0
configure:4279: result: yes
configure:4234: checking for stdint.h
configure:4250: g++ -c -g -O2 -Wall -W -ansi -pedantic  conftest.cc >&5
configure:4256: $? = 0
configure:4259: test -z 			 || test ! -s conftest.err
configure:4262: $? = 0
configure:4265: test -s conftest.o
configure:4268: $? = 0
configure:4279: result: yes
configure:4234: checking for unistd.h
configure:4250: g++ -c -g -O2 -Wall -W -ansi -pedantic  conftest.cc >&5
configure:4256: $? = 0
configure:4259: test -z 			 || test ! -s conftest.err
configure:4262: $? = 0
configure:4265: test -s conftest.o
configure:4268: $? = 0
configure:4279: result: yes
configure:4291: checking for bool
configure:4315: g++ -c -g -O2 -Wall -W -ansi -pedantic  conftest.cc >&5
configure:4321: $? = 0
configure:4324: test -z 			 || test ! -s conftest.err
configure:4327: $? = 0
configure:4330: test -s conftest.o
configure:4333: $? = 0
configure:4344: result: yes
configure:4372: checking SO
configure:4383: result: .so
configure:4390: checking LDSHARED
configure:4439: result: gcc -shared
configure:4445: checking CXXSHARED
configure:4451: result: gcc -shared
configure:4455: checking TRYLINKINGWITHCXX
configure:4480: result: CXXSHARED= g++ -shared 
configure:4484: checking CCSHARED
configure:4503: result: -fpic
configure:4507: checking RPATH
configure:4518: result: -Xlinker -rpath $(exec_prefix)/lib -Xlinker -rpath .
configure:4525: checking LINKFORSHARED
configure:4539: result: -Xlinker -export-dynamic
configure:4621: checking for popen
configure:4678: gcc -o conftest -g -O2 -Wall -W -ansi -pedantic   conftest.c  >&5
configure:4684: $? = 0
configure:4687: test -z 			 || test ! -s conftest.err
configure:4690: $? = 0
configure:4693: test -s conftest
configure:4696: $? = 0
configure:4708: result: yes
configure:4727: checking for dlopen in -ldl
configure:4757: gcc -o conftest -g -O2 -Wall -W -ansi -pedantic   conftest.c -ldl   >&5
configure:4763: $? = 0
configure:4766: test -z 			 || test ! -s conftest.err
configure:4769: $? = 0
configure:4772: test -s conftest
configure:4775: $? = 0
configure:4788: result: yes
configure:4800: checking for shl_load in -ldld
configure:4830: gcc -o conftest -g -O2 -Wall -W -ansi -pedantic   conftest.c -ldld  -ldl  >&5
/usr/bin/ld: cannot find -ldld
collect2: ld returned 1 exit status
configure:4836: $? = 1
configure: failed program was:
| /* confdefs.h.  */
| 
| #define PACKAGE_NAME "swig"
| #define PACKAGE_TARNAME "swig"
| #define PACKAGE_VERSION "1.3.29"
| #define PACKAGE_STRING "swig 1.3.29"
| #define PACKAGE_BUGREPORT "http://www.swig.org"
| #define PACKAGE "swig"
| #define VERSION "1.3.29"
| #ifdef __cplusplus
| extern "C" void exit (int) throw ();
| #endif
| #define SWIG_CXX "g++"
| #define SWIG_PLATFORM "x86_64-unknown-linux-gnu"
| #define STDC_HEADERS 1
| #define HAVE_SYS_TYPES_H 1
| #define HAVE_SYS_STAT_H 1
| #define HAVE_STDLIB_H 1
| #define HAVE_STRING_H 1
| #define HAVE_MEMORY_H 1
| #define HAVE_STRINGS_H 1
| #define HAVE_INTTYPES_H 1
| #define HAVE_STDINT_H 1
| #define HAVE_UNISTD_H 1
| #define HAVE_BOOL 1
| #define HAVE_POPEN 1
| #define HAVE_LIBDL 1
| /* end confdefs.h.  */
| 
| /* Override any gcc2 internal prototype to avoid an error.  */
| #ifdef __cplusplus
| extern "C"
| #endif
| /* We use char because int might match the return type of a gcc2
|    builtin and then its argument prototype would still apply.  */
| char shl_load ();
| int
| main ()
| {
| shl_load ();
|   ;
|   return 0;
| }
configure:4861: result: no
configure:5086: checking for swill_init in -lswill
configure:5116: gcc -o conftest -g -O2 -Wall -W -ansi -pedantic   conftest.c -lswill  -ldl  >&5
/usr/bin/ld: cannot find -lswill
collect2: ld returned 1 exit status
configure:5122: $? = 1
configure: failed program was:
| /* confdefs.h.  */
| 
| #define PACKAGE_NAME "swig"
| #define PACKAGE_TARNAME "swig"
| #define PACKAGE_VERSION "1.3.29"
| #define PACKAGE_STRING "swig 1.3.29"
| #define PACKAGE_BUGREPORT "http://www.swig.org"
| #define PACKAGE "swig"
| #define VERSION "1.3.29"
| #ifdef __cplusplus
| extern "C" void exit (int) throw ();
| #endif
| #define SWIG_CXX "g++"
| #define SWIG_PLATFORM "x86_64-unknown-linux-gnu"
| #define STDC_HEADERS 1
| #define HAVE_SYS_TYPES_H 1
| #define HAVE_SYS_STAT_H 1
| #define HAVE_STDLIB_H 1
| #define HAVE_STRING_H 1
| #define HAVE_MEMORY_H 1
| #define HAVE_STRINGS_H 1
| #define HAVE_INTTYPES_H 1
| #define HAVE_STDINT_H 1
| #define HAVE_UNISTD_H 1
| #define HAVE_BOOL 1
| #define HAVE_POPEN 1
| #define HAVE_LIBDL 1
| /* end confdefs.h.  */
| 
| /* Override any gcc2 internal prototype to avoid an error.  */
| #ifdef __cplusplus
| extern "C"
| #endif
| /* We use char because int might match the return type of a gcc2
|    builtin and then its argument prototype would still apply.  */
| char swill_init ();
| int
| main ()
| {
| swill_init ();
|   ;
|   return 0;
| }
configure:5147: result: no
configure:5171: checking for main in -lieee
configure:5195: gcc -o conftest -g -O2 -Wall -W -ansi -pedantic   conftest.c -lieee  -ldl  >&5
configure:5201: $? = 0
configure:5204: test -z 			 || test ! -s conftest.err
configure:5207: $? = 0
configure:5210: test -s conftest
configure:5213: $? = 0
configure:5226: result: yes
configure:5232: checking for crypt in -lcrypt
configure:5262: gcc -o conftest -g -O2 -Wall -W -ansi -pedantic   conftest.c -lcrypt  -ldl  >&5
configure:5268: $? = 0
configure:5271: test -z 			 || test ! -s conftest.err
configure:5274: $? = 0
configure:5277: test -s conftest
configure:5280: $? = 0
configure:5293: result: yes
configure:5325: checking for X
configure:5431: gcc -E  conftest.c
configure:5437: $? = 0
configure:5487: gcc -o conftest -g -O2 -Wall -W -ansi -pedantic   conftest.c -lX11 -ldl  >&5
configure:5493: $? = 0
configure:5496: test -z 			 || test ! -s conftest.err
configure:5499: $? = 0
configure:5502: test -s conftest
configure:5505: $? = 0
configure:5559: result: libraries , headers in standard search path
configure:5574: gcc -E  conftest.c
conftest.c:29:28: error: X11/XIntrinsic.h: No such file or directory
configure:5580: $? = 1
configure: failed program was:
| /* confdefs.h.  */
| 
| #define PACKAGE_NAME "swig"
| #define PACKAGE_TARNAME "swig"
| #define PACKAGE_VERSION "1.3.29"
| #define PACKAGE_STRING "swig 1.3.29"
| #define PACKAGE_BUGREPORT "http://www.swig.org"
| #define PACKAGE "swig"
| #define VERSION "1.3.29"
| #ifdef __cplusplus
| extern "C" void exit (int) throw ();
| #endif
| #define SWIG_CXX "g++"
| #define SWIG_PLATFORM "x86_64-unknown-linux-gnu"
| #define STDC_HEADERS 1
| #define HAVE_SYS_TYPES_H 1
| #define HAVE_SYS_STAT_H 1
| #define HAVE_STDLIB_H 1
| #define HAVE_STRING_H 1
| #define HAVE_MEMORY_H 1
| #define HAVE_STRINGS_H 1
| #define HAVE_INTTYPES_H 1
| #define HAVE_STDINT_H 1
| #define HAVE_UNISTD_H 1
| #define HAVE_BOOL 1
| #define HAVE_POPEN 1
| #define HAVE_LIBDL 1
| /* end confdefs.h.  */
| #include <X11/XIntrinsic.h>
configure:5607: checking for X11 header files
configure:5618: gcc -E  conftest.c
configure:5624: $? = 0
configure:5822: checking for Tcl configuration
configure:5845: result: no
configure:5871: checking for Tcl header files
configure:5882: gcc -E  conftest.c
conftest.c:29:17: error: tcl.h: No such file or directory
configure:5888: $? = 1
configure: failed program was:
| /* confdefs.h.  */
| 
| #define PACKAGE_NAME "swig"
| #define PACKAGE_TARNAME "swig"
| #define PACKAGE_VERSION "1.3.29"
| #define PACKAGE_STRING "swig 1.3.29"
| #define PACKAGE_BUGREPORT "http://www.swig.org"
| #define PACKAGE "swig"
| #define VERSION "1.3.29"
| #ifdef __cplusplus
| extern "C" void exit (int) throw ();
| #endif
| #define SWIG_CXX "g++"
| #define SWIG_PLATFORM "x86_64-unknown-linux-gnu"
| #define STDC_HEADERS 1
| #define HAVE_SYS_TYPES_H 1
| #define HAVE_SYS_STAT_H 1
| #define HAVE_STDLIB_H 1
| #define HAVE_STRING_H 1
| #define HAVE_MEMORY_H 1
| #define HAVE_STRINGS_H 1
| #define HAVE_INTTYPES_H 1
| #define HAVE_STDINT_H 1
| #define HAVE_UNISTD_H 1
| #define HAVE_BOOL 1
| #define HAVE_POPEN 1
| #define HAVE_LIBDL 1
| /* end confdefs.h.  */
| #include <tcl.h>
configure:5920: result: not found
configure:5928: checking for Tcl library
configure:5941: result: not found
configure:5989: checking for python
configure:6005: found /usr/bin/python
configure:6015: result: python
configure:6030: checking for Python prefix
configure:6033: result: /usr
configure:6035: checking for Python exec-prefix
configure:6038: result: /usr
configure:6045: checking for Python version
configure:6051: result: python2.5
configure:6056: checking for Python lib dir
configure:6063: result: lib
configure:6068: checking for Python header files
configure:6078: result: -I/usr/include/python2.5 -I/usr/lib/python2.5/config
configure:6082: checking for Python library
configure:6095: result: /usr/lib/python2.5/config
configure:6149: checking for perl
configure:6165: found /usr/bin/perl
configure:6175: result: perl
configure:6192: checking for Perl5 header files
configure:6201: result: /usr/lib/perl/5.10/CORE
configure:6213: checking for Perl5 library
configure:6220: result: perl.so.5.10.0
configure:6223: checking for Perl5 compiler options
configure:6230: result: -D_REENTRANT -D_GNU_SOURCE -DDEBIAN -fno-strict-aliasing -pipe -isystem /usr/local/include -D_LARGEFILE_SOURCE -D_FILE_OFFSET_BITS=64
configure:6288: checking for java
configure:6304: found /usr/bin/java
configure:6314: result: java
configure:6333: checking for javac
configure:6349: found /usr/bin/javac
configure:6359: result: javac
configure:6373: checking for java include file jni.h
configure:6407: result: not found
configure:6507: checking for gcj
configure:6536: result: no
configure:6552: checking for gcjh
configure:6581: result: no
configure:6655: checking for guile-config
configure:6688: result: no
configure:6724: checking for Guile header files
configure:6737: result: not found
configure:6741: checking for Guile library
configure:6753: result: not found
configure:6766: checking whether Guile's gh_ API works
configure:6773: gcc -o conftest -g -O2 -Wall -W -ansi -pedantic    -L -lguile conftest.c -ldl  >&5
conftest.c:1:22: error: guile/gh.h: No such file or directory
conftest.c: In function 'main':
conftest.c:2: error: 'SCM' undeclared (first use in this function)
conftest.c:2: error: (Each undeclared identifier is reported only once
conftest.c:2: error: for each function it appears in.)
conftest.c:2: error: expected ';' before 's'
conftest.c:2: warning: implicit declaration of function 'gh_scm2int'
conftest.c:2: error: 's' undeclared (first use in this function)
configure:6779: $? = 1
configure: failed program was:
| #include <guile/gh.h>
|   int main() { SCM s; return gh_scm2int(s); }
configure:6805: result: no
configure:6808: checking whether Guile's SCM_ API works
configure:6815: gcc -o conftest -g -O2 -Wall -W -ansi -pedantic    -L -lguile conftest.c -ldl  >&5
conftest.c:1:22: error: libguile.h: No such file or directory
conftest.c: In function 'main':
conftest.c:2: error: 'SCM' undeclared (first use in this function)
conftest.c:2: error: (Each undeclared identifier is reported only once
conftest.c:2: error: for each function it appears in.)
conftest.c:2: error: expected ';' before 's'
conftest.c:2: warning: implicit declaration of function 'scm_slot_exists_p'
conftest.c:2: error: 'SCM_BOOL_F' undeclared (first use in this function)
conftest.c:2: warning: implicit declaration of function 'SCM_STRING_LENGTH'
conftest.c:2: error: 's' undeclared (first use in this function)
configure:6821: $? = 1
configure: failed program was:
| #include <libguile.h>
|   int main() { SCM s; scm_slot_exists_p(SCM_BOOL_F, SCM_BOOL_F); return SCM_STRING_LENGTH(s); }
configure:6847: result: no
configure:6891: checking for mzscheme
configure:6924: result: no
configure:6935: checking for mzc
configure:6968: result: no
configure:7014: checking for ruby
configure:7030: found /usr/bin/ruby
configure:7040: result: ruby
configure:7054: checking for Ruby header files
configure:7128: result: unable to determine ruby configuration
configure:7186: checking for php
configure:7202: found /usr/bin/php
configure:7212: result: php
configure:7226: checking for PHP4 header files
configure:7231: result: -I/usr/include/php5 -I/usr/include/php5/main -I/usr/include/php5/TSRM -I/usr/include/php5/Zend -I/usr/include/php5/ext -I/usr/include/php5/ext/date/lib
configure:7306: checking for Ocaml DL load generator
configure:7313: checking for ocamldlgen
configure:7342: result: no
configure:7354: checking for Ocaml package tool
configure:7361: checking for ocamlfind
configure:7390: result: no
configure:7402: checking for Ocaml compiler
configure:7409: checking for ocamlc
configure:7438: result: no
configure:7450: checking for Ocaml interpreter
configure:7457: checking for ocaml
configure:7483: result: yes
configure:7498: checking for Ocaml toplevel creator
configure:7505: checking for ocamlmktop
configure:7534: result: no
configure:7546: checking for Ocaml header files
configure:7563: result: not found
configure:7609: checking for pike
configure:7638: result: no
configure:7609: checking for pike7.6
configure:7638: result: no
configure:7609: checking for pike7.4
configure:7638: result: no
configure:7609: checking for pike7.2
configure:7638: result: no
configure:7771: checking for chicken
configure:7800: result: no
configure:7825: checking for csc
configure:7854: result: no
configure:7879: checking for csi
configure:7908: result: no
configure:7933: checking for chicken-config
configure:7962: result: no
configure:8249: checking for mcs
configure:8278: result: no
configure:8249: checking for cscc
configure:8278: result: no
configure:8490: checking for lua
configure:8523: result: no
configure:8576: checking for Lua header files
configure:8588: gcc -E  conftest.c
conftest.c:29:17: error: lua.h: No such file or directory
configure:8594: $? = 1
configure: failed program was:
| /* confdefs.h.  */
| 
| #define PACKAGE_NAME "swig"
| #define PACKAGE_TARNAME "swig"
| #define PACKAGE_VERSION "1.3.29"
| #define PACKAGE_STRING "swig 1.3.29"
| #define PACKAGE_BUGREPORT "http://www.swig.org"
| #define PACKAGE "swig"
| #define VERSION "1.3.29"
| #ifdef __cplusplus
| extern "C" void exit (int) throw ();
| #endif
| #define SWIG_CXX "g++"
| #define SWIG_PLATFORM "x86_64-unknown-linux-gnu"
| #define STDC_HEADERS 1
| #define HAVE_SYS_TYPES_H 1
| #define HAVE_SYS_STAT_H 1
| #define HAVE_STDLIB_H 1
| #define HAVE_STRING_H 1
| #define HAVE_MEMORY_H 1
| #define HAVE_STRINGS_H 1
| #define HAVE_INTTYPES_H 1
| #define HAVE_STDINT_H 1
| #define HAVE_UNISTD_H 1
| #define HAVE_BOOL 1
| #define HAVE_POPEN 1
| #define HAVE_LIBDL 1
| /* end confdefs.h.  */
| #include <lua.h>
configure:8627: result: not found
configure:8635: checking for Lua library
configure:8649: result: not found
configure:8698: checking for alisp
configure:8731: result: no
configure:8765: checking for clisp
configure:8798: result: no
configure:9116: creating ./config.status

## ---------------------- ##
## Running config.status. ##
## ---------------------- ##

This file was extended by swig config.status 1.3.29, which was
generated by GNU Autoconf 2.59.  Invocation command line was

  CONFIG_FILES    = 
  CONFIG_HEADERS  = 
  CONFIG_LINKS    = 
  CONFIG_COMMANDS = 
  $ ./config.status 

on numero9

config.status:896: creating Makefile
config.status:896: creating swig.spec
config.status:896: creating Source/Makefile
config.status:896: creating Examples/Makefile
config.status:896: creating Examples/guile/Makefile
config.status:896: creating Examples/xml/Makefile
config.status:896: creating Examples/GIFPlot/Makefile
config.status:896: creating Examples/GIFPlot/Lib/Makefile
config.status:896: creating Examples/test-suite/chicken/Makefile
config.status:896: creating Examples/test-suite/csharp/Makefile
config.status:896: creating Examples/test-suite/guile/Makefile
config.status:896: creating Examples/test-suite/guilescm/Makefile
config.status:896: creating Examples/test-suite/java/Makefile
config.status:896: creating Examples/test-suite/mzscheme/Makefile
config.status:896: creating Examples/test-suite/ocaml/Makefile
config.status:896: creating Examples/test-suite/perl5/Makefile
config.status:896: creating Examples/test-suite/php4/Makefile
config.status:896: creating Examples/test-suite/pike/Makefile
config.status:896: creating Examples/test-suite/python/Makefile
config.status:896: creating Examples/test-suite/ruby/Makefile
config.status:896: creating Examples/test-suite/tcl/Makefile
config.status:896: creating Examples/test-suite/lua/Makefile
config.status:896: creating Examples/test-suite/allegrocl/Makefile
config.status:896: creating Examples/test-suite/clisp/Makefile
config.status:896: creating Examples/test-suite/cffi/Makefile
config.status:896: creating Examples/test-suite/uffi/Makefile
config.status:896: creating preinst-swig
config.status:966: creating Source/Include/swigconfig.h
config.status:1264: executing depfiles commands

## ---------------- ##
## Cache variables. ##
## ---------------- ##

ac_cv_build=x86_64-unknown-linux-gnu
ac_cv_build_alias=x86_64-unknown-linux-gnu
ac_cv_c_compiler_gnu=yes
ac_cv_cxx_compiler_gnu=yes
ac_cv_env_CC_set=
ac_cv_env_CC_value=
ac_cv_env_CFLAGS_set=
ac_cv_env_CFLAGS_value=
ac_cv_env_CPPFLAGS_set=
ac_cv_env_CPPFLAGS_value=
ac_cv_env_CPP_set=
ac_cv_env_CPP_value=
ac_cv_env_CXXFLAGS_set=
ac_cv_env_CXXFLAGS_value=
ac_cv_env_CXX_set=
ac_cv_env_CXX_value=
ac_cv_env_LDFLAGS_set=
ac_cv_env_LDFLAGS_value=
ac_cv_env_build_alias_set=
ac_cv_env_build_alias_value=
ac_cv_env_host_alias_set=
ac_cv_env_host_alias_value=
ac_cv_env_target_alias_set=
ac_cv_env_target_alias_value=
ac_cv_exeext=
ac_cv_func_popen=yes
ac_cv_have_x='have_x=yes 		ac_x_includes= ac_x_libraries='
ac_cv_header_inttypes_h=yes
ac_cv_header_memory_h=yes
ac_cv_header_stdc=yes
ac_cv_header_stdint_h=yes
ac_cv_header_stdlib_h=yes
ac_cv_header_string_h=yes
ac_cv_header_strings_h=yes
ac_cv_header_sys_stat_h=yes
ac_cv_header_sys_types_h=yes
ac_cv_header_unistd_h=yes
ac_cv_host=x86_64-unknown-linux-gnu
ac_cv_host_alias=x86_64-unknown-linux-gnu
ac_cv_lib_crypt_crypt=yes
ac_cv_lib_dl_dlopen=yes
ac_cv_lib_dld_shl_load=no
ac_cv_lib_ieee_main=yes
ac_cv_lib_swill_swill_init=no
ac_cv_objext=o
ac_cv_path_install='/usr/bin/install -c'
ac_cv_prog_AR=ar
ac_cv_prog_AWK=gawk
ac_cv_prog_CPP='gcc -E'
ac_cv_prog_JAVA=java
ac_cv_prog_JAVAC=javac
ac_cv_prog_OCAMLBIN=yes
ac_cv_prog_PERL=perl
ac_cv_prog_PHP4=php
ac_cv_prog_PYTHON=python
ac_cv_prog_RUBY=ruby
ac_cv_prog_YACC='bison -y'
ac_cv_prog_ac_ct_CC=gcc
ac_cv_prog_ac_ct_CXX=g++
ac_cv_prog_ac_ct_RANLIB=ranlib
ac_cv_prog_cc_g=yes
ac_cv_prog_cc_gcc_c_o=yes
ac_cv_prog_cc_stdc=
ac_cv_prog_cxx_g=yes
ac_cv_prog_egrep='grep -E'
ac_cv_prog_make_make_set=yes
ac_cv_type_bool=yes
am_cv_CC_dependencies_compiler_type=gcc3
am_cv_CXX_dependencies_compiler_type=gcc3

## ----------------- ##
## Output variables. ##
## ----------------- ##

ACLOCAL='${SHELL} /home/nicolas/SWIG-1.3.29/Tools/config/missing --run aclocal-1.9'
ALLEGROCLBIN=''
AMDEPBACKSLASH='\'
AMDEP_FALSE='#'
AMDEP_TRUE=''
AMTAR='${SHELL} /home/nicolas/SWIG-1.3.29/Tools/config/missing --run tar'
AR='ar'
AUTOCONF='${SHELL} /home/nicolas/SWIG-1.3.29/Tools/config/missing --run autoconf'
AUTOHEADER='${SHELL} /home/nicolas/SWIG-1.3.29/Tools/config/missing --run autoheader'
AUTOMAKE='${SHELL} /home/nicolas/SWIG-1.3.29/Tools/config/missing --run automake-1.9'
AWK='gawk'
CC='gcc'
CCDEPMODE='depmode=gcc3'
CCSHARED='-fpic'
CFLAGS='-g -O2 -Wall -W -ansi -pedantic'
CHICKEN=''
CHICKENHOME=''
CHICKENLIB=''
CHICKENOPTS=''
CHICKENSHAREDLIB=''
CHICKENSHAREDOPTS=''
CHICKEN_CONFIG=''
CHICKEN_CSC=''
CHICKEN_CSI=''
CLISPBIN=''
CPP='gcc -E'
CPPFLAGS=''
CSHARPCFLAGS=''
CSHARPCILINTERPRETER=''
CSHARPCOMPILER=''
CSHARPCYGPATH_W='echo'
CSHARPDYNAMICLINKING=''
CSHARPLIBRARYPREFIX='lib'
CSHARPPATHSEPARATOR='/'
CSHARPSO='.so'
CXX='g++'
CXXDEPMODE='depmode=gcc3'
CXXFLAGS='-g -O2 -Wall -W -ansi -pedantic'
CXXSHARED='gcc -shared'
CYGPATH_W='echo'
DEFS='-DHAVE_CONFIG_H'
DEPDIR='.deps'
ECHO_C=''
ECHO_N='-n'
ECHO_T=''
EGREP='grep -E'
EXEEXT=''
EXTRA_CLEAN=''
GCJ=''
GCJH=''
GUILE=''
GUILEINCLUDE=''
GUILELIB=''
GUILELINK='-L -lguile'
GUILE_CONFIG=''
GUILE_GH_INTERFACE=''
GUILE_SCM_INTERFACE=''
GUILE_SO='.so'
INSTALL_DATA='${INSTALL} -m 644'
INSTALL_PROGRAM='${INSTALL}'
INSTALL_SCRIPT='${INSTALL}'
INSTALL_STRIP_PROGRAM='${SHELL} $(install_sh) -c -s'
JAVA='java'
JAVAC='javac'
JAVACFLAGS=''
JAVACXXSHARED='$(CXXSHARED)'
JAVADYNAMICLINKING=''
JAVAINC=''
JAVALDSHARED='$(LDSHARED)'
JAVALIBRARYPREFIX='lib'
JAVASO='.so'
LDFLAGS=''
LDSHARED='gcc -shared'
LIBC=''
LIBCRYPT='-lcrypt'
LIBM='-lieee -lm'
LIBOBJS=''
LIBS='-ldl '
LINKFORSHARED='-Xlinker -export-dynamic'
LTLIBOBJS=''
LUABIN=''
LUADYNAMICLINKING=''
LUAINCLUDE=''
LUALIB=''
LUALIBRARY=''
LUA_SO='.so'
MAKEINFO='${SHELL} /home/nicolas/SWIG-1.3.29/Tools/config/missing --run makeinfo'
MZC=''
MZDYNOBJ=''
MZSCHEME=''
MZSCHEME_SO='.so'
OBJEXT='o'
OCAMLBIN='yes'
OCAMLC='ocamlc'
OCAMLDLGEN='ocamldlgen'
OCAMLFIND='ocamlfind'
OCAMLINC=''
OCAMLMKTOP='ocamlmktop'
PACKAGE='swig'
PACKAGE_BUGREPORT='http://www.swig.org'
PACKAGE_NAME='swig'
PACKAGE_STRING='swig 1.3.29'
PACKAGE_TARNAME='swig'
PACKAGE_VERSION='1.3.29'
PATH_SEPARATOR=':'
PERL5CCFLAGS='-D_REENTRANT -D_GNU_SOURCE -DDEBIAN -fno-strict-aliasing -pipe -isystem /usr/local/include -D_LARGEFILE_SOURCE -D_FILE_OFFSET_BITS=64'
PERL5DYNAMICLINKING=''
PERL5EXT='/usr/lib/perl/5.10/CORE'
PERL5LIB='perl.so.5.10.0'
PERL='perl'
PHP4='php'
PHP4INC='-I/usr/include/php5 -I/usr/include/php5/main -I/usr/include/php5/TSRM -I/usr/include/php5/Zend -I/usr/include/php5/ext -I/usr/include/php5/ext/date/lib'
PHP4_SO='.so'
PIKE=''
PIKECCDLFLAGS=''
PIKECONFIG=''
PIKEDYNAMICLINKING=''
PIKEINCLUDE=''
PLATFLAGS=''
PYINCLUDE='-I/usr/include/python2.5 -I/usr/lib/python2.5/config'
PYLIB='/usr/lib/python2.5/config'
PYLINK='-lpython2.5'
PYTHON='python'
PYTHONDYNAMICLINKING=''
PYTHON_SO='.so'
RANLIB='ranlib'
ROOT_DIR='/home/nicolas/SWIG-1.3.29'
RPATH='-Xlinker -rpath $(exec_prefix)/lib -Xlinker -rpath .'
RUBY='ruby'
RUBYCCDLFLAGS=' -fPIC'
RUBYDYNAMICLINKING=''
RUBYINCLUDE='-I'
RUBYLIB=''
RUBYLINK=' -lpthread -ldl -lcrypt -lm '
SET_MAKE=''
SHELL='/bin/sh'
SKIP_ALLEGROCL='1'
SKIP_CFFI='1'
SKIP_CHICKEN='1'
SKIP_CLISP='1'
SKIP_CSHARP='1'
SKIP_GCJ='1'
SKIP_GUILE='1'
SKIP_GUILESCM='1'
SKIP_JAVA='1'
SKIP_LUA='1'
SKIP_MODULA3='1'
SKIP_MZSCHEME='1'
SKIP_OCAML='1'
SKIP_PERL5=''
SKIP_PHP4=''
SKIP_PIKE='1'
SKIP_PYTHON=''
SKIP_RUBY='1'
SKIP_TCL='1'
SKIP_UFFI='1'
SO='.so'
STRIP=''
SWIGLIBS=''
SWILL=''
TCLDYNAMICLINKING=''
TCLINCLUDE=''
TCLLIB=''
TCL_CXXSHARED='CXXSHARED= g++ -shared '
TCL_LDSHARED='gcc -shared'
TCL_SO='.so'
TRYLINKINGWITHCXX='CXXSHARED= g++ -shared '
VERSION='1.3.29'
XINCLUDES='# no special path needed'
XLIBSW='-lX11'
YACC='bison -y'
ac_aux_dir='Tools/config'
ac_ct_CC='gcc'
ac_ct_CXX='g++'
ac_ct_RANLIB='ranlib'
ac_ct_STRIP=''
am__fastdepCC_FALSE='#'
am__fastdepCC_TRUE=''
am__fastdepCXX_FALSE='#'
am__fastdepCXX_TRUE=''
am__include='include'
am__leading_dot='.'
am__quote=''
am__tar='${AMTAR} chof - "$$tardir"'
am__untar='${AMTAR} xf -'
bindir='${exec_prefix}/bin'
build='x86_64-unknown-linux-gnu'
build_alias=''
build_cpu='x86_64'
build_os='linux-gnu'
build_vendor='unknown'
datadir='${prefix}/share'
exec_prefix='${prefix}'
host='x86_64-unknown-linux-gnu'
host_alias=''
host_cpu='x86_64'
host_os='linux-gnu'
host_vendor='unknown'
includedir='${prefix}/include'
infodir='${prefix}/info'
install_sh='/home/nicolas/SWIG-1.3.29/Tools/config/install-sh'
libdir='${exec_prefix}/lib'
libexecdir='${exec_prefix}/libexec'
localstatedir='${prefix}/var'
mandir='${prefix}/man'
mkdir_p='mkdir -p --'
oldincludedir='/usr/include'
prefix='/usr'
program_transform_name='s,x,x,'
sbindir='${exec_prefix}/sbin'
sharedstatedir='${prefix}/com'
swig_lib='${prefix}/share/swig/1.3.29'
sysconfdir='${prefix}/etc'
target_alias=''

## ----------- ##
## confdefs.h. ##
## ----------- ##

#define HAVE_BOOL 1
#define HAVE_INTTYPES_H 1
#define HAVE_LIBDL 1
#define HAVE_MEMORY_H 1
#define HAVE_POPEN 1
#define HAVE_STDINT_H 1
#define HAVE_STDLIB_H 1
#define HAVE_STRINGS_H 1
#define HAVE_STRING_H 1
#define HAVE_SYS_STAT_H 1
#define HAVE_SYS_TYPES_H 1
#define HAVE_UNISTD_H 1
#define PACKAGE "swig"
#define PACKAGE_BUGREPORT "http://www.swig.org"
#define PACKAGE_NAME "swig"
#define PACKAGE_STRING "swig 1.3.29"
#define PACKAGE_TARNAME "swig"
#define PACKAGE_VERSION "1.3.29"
#define STDC_HEADERS 1
#define SWIG_CXX "g++"
#define SWIG_LIB "/usr/share/swig/1.3.29"
#define SWIG_PLATFORM "x86_64-unknown-linux-gnu"
#define VERSION "1.3.29"
#endif
#ifdef __cplusplus
extern "C" void exit (int) throw ();

configure: exit 0
