This file contains any messages produced by compilers while
running configure, to aid debugging if configure makes a mistake.

It was created by Rheia Framework configure 2.0.0, which was
generated by GNU Autoconf 2.65.  Invocation command line was

  $ ./configure 

## --------- ##
## Platform. ##
## --------- ##

hostname = numero9
uname -m = x86_64
uname -r = 2.6.32-24-generic
uname -s = Linux
uname -v = #42-Ubuntu SMP Fri Aug 20 14:21:58 UTC 2010

/usr/bin/uname -p = unknown
/bin/uname -X     = unknown

/bin/arch              = unknown
/usr/bin/arch -k       = unknown
/usr/convex/getsysinfo = unknown
/usr/bin/hostinfo      = unknown
/bin/machine           = unknown
/usr/bin/oslevel       = unknown
/bin/universe          = unknown

PATH: /usr/local/sbin
PATH: /usr/local/bin
PATH: /usr/sbin
PATH: /usr/bin
PATH: /sbin
PATH: /bin
PATH: /usr/games


## ----------- ##
## Core tests. ##
## ----------- ##

configure:1903: checking build system type
configure:1917: result: x86_64-unknown-linux-gnu
configure:1937: checking host system type
configure:1950: result: x86_64-unknown-linux-gnu
configure:2049: checking for gcc
configure:2065: found /usr/bin/gcc
configure:2076: result: gcc
configure:2305: checking for C compiler version
configure:2314: gcc --version >&5
gcc (Ubuntu 4.4.3-4ubuntu5) 4.4.3
Copyright (C) 2009 Free Software Foundation, Inc.
This is free software; see the source for copying conditions.  There is NO
warranty; not even for MERCHANTABILITY or FITNESS FOR A PARTICULAR PURPOSE.

configure:2325: $? = 0
configure:2314: gcc -v >&5
Using built-in specs.
Target: x86_64-linux-gnu
Configured with: ../src/configure -v --with-pkgversion='Ubuntu 4.4.3-4ubuntu5' --with-bugurl=file:///usr/share/doc/gcc-4.4/README.Bugs --enable-languages=c,c++,fortran,objc,obj-c++ --prefix=/usr --enable-shared --enable-multiarch --enable-linker-build-id --with-system-zlib --libexecdir=/usr/lib --without-included-gettext --enable-threads=posix --with-gxx-include-dir=/usr/include/c++/4.4 --program-suffix=-4.4 --enable-nls --enable-clocale=gnu --enable-libstdcxx-debug --enable-plugin --enable-objc-gc --disable-werror --with-arch-32=i486 --with-tune=generic --enable-checking=release --build=x86_64-linux-gnu --host=x86_64-linux-gnu --target=x86_64-linux-gnu
Thread model: posix
gcc version 4.4.3 (Ubuntu 4.4.3-4ubuntu5) 
configure:2325: $? = 0
configure:2314: gcc -V >&5
gcc: '-V' option must have argument
configure:2325: $? = 1
configure:2314: gcc -qversion >&5
gcc: unrecognized option '-qversion'
gcc: no input files
configure:2325: $? = 1
configure:2345: checking whether the C compiler works
configure:2367: gcc    conftest.c  >&5
configure:2371: $? = 0
configure:2420: result: yes
configure:2423: checking for C compiler default output file name
configure:2425: result: a.out
configure:2431: checking for suffix of executables
configure:2438: gcc -o conftest    conftest.c  >&5
configure:2442: $? = 0
configure:2464: result: 
configure:2486: checking whether we are cross compiling
configure:2494: gcc -o conftest    conftest.c  >&5
configure:2498: $? = 0
configure:2505: ./conftest
configure:2509: $? = 0
configure:2524: result: no
configure:2529: checking for suffix of object files
configure:2551: gcc -c   conftest.c >&5
configure:2555: $? = 0
configure:2576: result: o
configure:2580: checking whether we are using the GNU C compiler
configure:2599: gcc -c   conftest.c >&5
configure:2599: $? = 0
configure:2608: result: yes
configure:2617: checking whether gcc accepts -g
configure:2637: gcc -c -g  conftest.c >&5
configure:2637: $? = 0
configure:2678: result: yes
configure:2695: checking for gcc option to accept ISO C89
configure:2759: gcc  -c -g -O2  conftest.c >&5
configure:2759: $? = 0
configure:2772: result: none needed
configure:2805: checking whether we are using the Intel C compiler
configure:2825: gcc -c -g -O2  conftest.c >&5
conftest.c: In function 'main':
conftest.c:15: error: 'choke' undeclared (first use in this function)
conftest.c:15: error: (Each undeclared identifier is reported only once
conftest.c:15: error: for each function it appears in.)
conftest.c:15: error: expected ';' before 'me'
configure:2825: $? = 1
configure: failed program was:
| /* confdefs.h */
| #define PACKAGE_NAME "Rheia Framework"
| #define PACKAGE_TARNAME "rheia-framework"
| #define PACKAGE_VERSION "2.0.0"
| #define PACKAGE_STRING "Rheia Framework 2.0.0"
| #define PACKAGE_BUGREPORT "info@rheia-framework.com"
| #define PACKAGE_URL ""
| /* end confdefs.h.  */
| 
| int
| main ()
| {
| 
|              #ifndef __INTEL_COMPILER
|                 choke me
|              #endif
| 
|   ;
|   return 0;
| }
configure:2835: result: no
configure:3610: checking for g++
configure:3626: found /usr/bin/g++
configure:3637: result: g++
configure:3664: checking for C++ compiler version
configure:3673: g++ --version >&5
g++ (Ubuntu 4.4.3-4ubuntu5) 4.4.3
Copyright (C) 2009 Free Software Foundation, Inc.
This is free software; see the source for copying conditions.  There is NO
warranty; not even for MERCHANTABILITY or FITNESS FOR A PARTICULAR PURPOSE.

configure:3684: $? = 0
configure:3673: g++ -v >&5
Using built-in specs.
Target: x86_64-linux-gnu
Configured with: ../src/configure -v --with-pkgversion='Ubuntu 4.4.3-4ubuntu5' --with-bugurl=file:///usr/share/doc/gcc-4.4/README.Bugs --enable-languages=c,c++,fortran,objc,obj-c++ --prefix=/usr --enable-shared --enable-multiarch --enable-linker-build-id --with-system-zlib --libexecdir=/usr/lib --without-included-gettext --enable-threads=posix --with-gxx-include-dir=/usr/include/c++/4.4 --program-suffix=-4.4 --enable-nls --enable-clocale=gnu --enable-libstdcxx-debug --enable-plugin --enable-objc-gc --disable-werror --with-arch-32=i486 --with-tune=generic --enable-checking=release --build=x86_64-linux-gnu --host=x86_64-linux-gnu --target=x86_64-linux-gnu
Thread model: posix
gcc version 4.4.3 (Ubuntu 4.4.3-4ubuntu5) 
configure:3684: $? = 0
configure:3673: g++ -V >&5
g++: '-V' option must have argument
configure:3684: $? = 1
configure:3673: g++ -qversion >&5
g++: unrecognized option '-qversion'
g++: no input files
configure:3684: $? = 1
configure:3688: checking whether we are using the GNU C++ compiler
configure:3707: g++ -c   conftest.cpp >&5
configure:3707: $? = 0
configure:3716: result: yes
configure:3725: checking whether g++ accepts -g
configure:3745: g++ -c -g  conftest.cpp >&5
configure:3745: $? = 0
configure:3786: result: yes
configure:3822: checking whether we are using the Intel C++ compiler
configure:3842: g++ -c -g -O2  conftest.cpp >&5
conftest.cpp: In function 'int main()':
conftest.cpp:15: error: 'choke' was not declared in this scope
conftest.cpp:15: error: expected ';' before 'me'
configure:3842: $? = 1
configure: failed program was:
| /* confdefs.h */
| #define PACKAGE_NAME "Rheia Framework"
| #define PACKAGE_TARNAME "rheia-framework"
| #define PACKAGE_VERSION "2.0.0"
| #define PACKAGE_STRING "Rheia Framework 2.0.0"
| #define PACKAGE_BUGREPORT "info@rheia-framework.com"
| #define PACKAGE_URL ""
| /* end confdefs.h.  */
| 
| int
| main ()
| {
| 
|              #ifndef __INTEL_COMPILER
|                 choke me
|              #endif
| 
|   ;
|   return 0;
| }
configure:3852: result: no
configure:4350: checking whether we are using the Sun C++ compiler
configure:4370: g++ -c -g -O2  conftest.cpp >&5
conftest.cpp: In function 'int main()':
conftest.cpp:15: error: 'choke' was not declared in this scope
conftest.cpp:15: error: expected ';' before 'me'
configure:4370: $? = 1
configure: failed program was:
| /* confdefs.h */
| #define PACKAGE_NAME "Rheia Framework"
| #define PACKAGE_TARNAME "rheia-framework"
| #define PACKAGE_VERSION "2.0.0"
| #define PACKAGE_STRING "Rheia Framework 2.0.0"
| #define PACKAGE_BUGREPORT "info@rheia-framework.com"
| #define PACKAGE_URL ""
| /* end confdefs.h.  */
| 
| int
| main ()
| {
| 
|              #ifndef __SUNPRO_CC
|                 choke me
|              #endif
| 
|   ;
|   return 0;
| }
configure:4380: result: no
configure:4583: checking for a BSD-compatible install
configure:4651: result: /usr/bin/install -c
configure:4721: checking for ranlib
configure:4737: found /usr/bin/ranlib
configure:4748: result: ranlib
configure:4771: checking whether ln -s works
configure:4775: result: yes
configure:4783: checking whether make sets $(MAKE)
configure:4805: result: yes
configure:4868: checking for ar
configure:4884: found /usr/bin/ar
configure:4895: result: ar
configure:4964: checking for strip
configure:4980: found /usr/bin/strip
configure:4991: result: strip
configure:5056: checking for nm
configure:5072: found /usr/bin/nm
configure:5083: result: nm
configure:5106: checking for command to install directories
configure:5113: result: /usr/bin/install -c -d
configure:5131: checking if make is GNU make
configure:5145: result: yes
configure:6187: checking for dependency tracking method
configure:6208: result: gcc
configure:6967: creating ./config.status

## ---------------------- ##
## Running config.status. ##
## ---------------------- ##

This file was extended by Rheia Framework config.status 2.0.0, which was
generated by GNU Autoconf 2.65.  Invocation command line was

  CONFIG_FILES    = 
  CONFIG_HEADERS  = 
  CONFIG_LINKS    = 
  CONFIG_COMMANDS = 
  $ ./config.status 

on numero9

config.status:835: creating Makefile

## ---------------- ##
## Cache variables. ##
## ---------------- ##

ac_cv_build=x86_64-unknown-linux-gnu
ac_cv_c_compiler_gnu=yes
ac_cv_cxx_compiler_gnu=yes
ac_cv_env_CCC_set=
ac_cv_env_CCC_value=
ac_cv_env_CC_set=
ac_cv_env_CC_value=
ac_cv_env_CFLAGS_set=
ac_cv_env_CFLAGS_value=
ac_cv_env_CPPFLAGS_set=
ac_cv_env_CPPFLAGS_value=
ac_cv_env_CXXFLAGS_set=
ac_cv_env_CXXFLAGS_value=
ac_cv_env_CXX_set=
ac_cv_env_CXX_value=
ac_cv_env_LDFLAGS_set=
ac_cv_env_LDFLAGS_value=
ac_cv_env_LIBS_set=
ac_cv_env_LIBS_value=
ac_cv_env_build_alias_set=
ac_cv_env_build_alias_value=
ac_cv_env_host_alias_set=
ac_cv_env_host_alias_value=
ac_cv_env_target_alias_set=
ac_cv_env_target_alias_value=
ac_cv_host=x86_64-unknown-linux-gnu
ac_cv_objext=o
ac_cv_path_install='/usr/bin/install -c'
ac_cv_prog_ac_ct_AR=ar
ac_cv_prog_ac_ct_CC=gcc
ac_cv_prog_ac_ct_CXX=g++
ac_cv_prog_ac_ct_NM=nm
ac_cv_prog_ac_ct_RANLIB=ranlib
ac_cv_prog_ac_ct_STRIP=strip
ac_cv_prog_cc_c89=
ac_cv_prog_cc_g=yes
ac_cv_prog_cxx_g=yes
ac_cv_prog_make_make_set=yes
bakefile_cv_c_compiler___INTEL_COMPILER=no
bakefile_cv_cxx_compiler___INTEL_COMPILER=no
bakefile_cv_cxx_compiler___SUNPRO_CC=no
bakefile_cv_prog_makeisgnu=yes

## ----------------- ##
## Output variables. ##
## ----------------- ##

AIX_CXX_LD=''
AR='ar'
AROPTIONS='rcu'
BK_DEPS='/home/nicolas/Code/rheia/bk-deps'
CC='gcc'
CFLAGS='-g -O2'
COND_BUILD_debug='#'
COND_BUILD_debug_DEBUG_INFO_default='#'
COND_BUILD_release='#'
COND_BUILD_release_DEBUG_INFO_default='#'
COND_DEBUG_FLAG_0='#'
COND_DEBUG_FLAG_1='#'
COND_DEBUG_INFO_0='#'
COND_DEBUG_INFO_1='#'
COND_DEPS_TRACKING_0='#'
COND_DEPS_TRACKING_1=''
COND_MONOLITHIC_0='#'
COND_MONOLITHIC_0_SHARED_1='#'
COND_MONOLITHIC_1='#'
COND_MONOLITHIC_1_SHARED_1='#'
COND_OFFICIAL_BUILD_0_PLATFORM_WIN32_1='#'
COND_OFFICIAL_BUILD_1_PLATFORM_WIN32_1='#'
COND_PLATFORM_MACOSX_0_USE_SOVERCYGWIN_0_USE_SOVERSION_1=''
COND_PLATFORM_MACOSX_0_USE_SOVERSION_1=''
COND_PLATFORM_MACOSX_1='#'
COND_PLATFORM_MACOSX_1_USE_IRRLICHT_1='#'
COND_PLATFORM_MACOSX_1_USE_SOVERSION_1='#'
COND_PLATFORM_OS2_1='#'
COND_PLATFORM_OS2_1_USE_IRRLICHT_1='#'
COND_PLATFORM_WIN32_0=''
COND_PLATFORM_WIN32_1='#'
COND_PLATFORM_WIN32_1_USE_IRRLICHT_1='#'
COND_RHEIAUNIV_1='#'
COND_SHARED_0='#'
COND_SHARED_0_USE_IRRLICHT_1='#'
COND_SHARED_0_USE_PLPLOT_1='#'
COND_SHARED_1='#'
COND_TOOLKIT_MAC='#'
COND_UNICODE_1='#'
COND_USE_EXCEPTIONS_0='#'
COND_USE_EXCEPTIONS_1='#'
COND_USE_IRRLICHT_1='#'
COND_USE_PLPLOT_1='#'
COND_USE_RTTI_0='#'
COND_USE_RTTI_1='#'
COND_USE_SOTWOSYMLINKS_1=''
COND_USE_SOVERCYGWIN_1_USE_SOVERSION_1='#'
COND_USE_SOVERLINUX_1=''
COND_USE_SOVERSION_0='#'
COND_USE_SOVERSION_1_USE_SOVERSOLARIS_1='#'
COND_USE_SOVERSOLARIS_1='#'
COND_USE_THREADS_0='#'
COND_USE_THREADS_1='#'
COND_USE_WX29_0='#'
COND_USE_WX29_1='#'
COND_WINDOWS_IMPLIB_1='#'
CPPFLAGS=''
CXX='g++'
CXXFLAGS='-g -O2'
DEFS='-DPACKAGE_NAME=\"Rheia\ Framework\" -DPACKAGE_TARNAME=\"rheia-framework\" -DPACKAGE_VERSION=\"2.0.0\" -DPACKAGE_STRING=\"Rheia\ Framework\ 2.0.0\" -DPACKAGE_BUGREPORT=\"info@rheia-framework.com\" -DPACKAGE_URL=\"\"'
DEPS_TRACKING='1'
DLLIMP_SUFFIX='so'
DLLPREFIX='lib'
DLLPREFIX_MODULE=''
ECHO_C=''
ECHO_N='-n'
ECHO_T=''
EXEEXT=''
IF_GNU_MAKE=''
INSTALL_DATA='${INSTALL} -m 644'
INSTALL_DIR='$(INSTALL) -d'
INSTALL_PROGRAM='${INSTALL}'
INSTALL_SCRIPT='${INSTALL}'
LDFLAGS=''
LDFLAGS_GUI=''
LIBEXT='.a'
LIBOBJS=''
LIBPREFIX='lib'
LIBS=''
LN_S='ln -s'
LTLIBOBJS=''
MAKE_SET=''
NM='nm'
OBJCXXFLAGS=''
OBJEXT='o'
PACKAGE_BUGREPORT='info@rheia-framework.com'
PACKAGE_NAME='Rheia Framework'
PACKAGE_STRING='Rheia Framework 2.0.0'
PACKAGE_TARNAME='rheia-framework'
PACKAGE_URL=''
PACKAGE_VERSION='2.0.0'
PATH_SEPARATOR=':'
PIC_FLAG='-fPIC -DPIC'
PLATFORM_BEOS='0'
PLATFORM_MAC='0'
PLATFORM_MACOS='0'
PLATFORM_MACOSX='0'
PLATFORM_MSDOS='0'
PLATFORM_OS2='0'
PLATFORM_UNIX='1'
PLATFORM_WIN32='0'
RANLIB='ranlib'
REZ=''
SETFILE=''
SET_MAKE=''
SHARED_LD_CC='$(CC) -shared -fPIC -o'
SHARED_LD_CXX='$(CXX) -shared -fPIC -o'
SHARED_LD_MODULE_CC='$(CC) -shared -fPIC -o'
SHARED_LD_MODULE_CXX='$(CXX) -shared -fPIC -o'
SHELL='/bin/bash'
SONAME_FLAG='-Wl,-soname,'
SO_SUFFIX='so'
SO_SUFFIX_MODULE='so'
STRIP='strip'
USE_MACVERSION='0'
USE_SOTWOSYMLINKS='1'
USE_SOVERCYGWIN='0'
USE_SOVERLINUX='1'
USE_SOVERSION='1'
USE_SOVERSOLARIS='0'
WINDOWS_IMPLIB='0'
WINDRES=''
ac_ct_CC='gcc'
ac_ct_CXX='g++'
bindir='${exec_prefix}/bin'
build='x86_64-unknown-linux-gnu'
build_alias=''
build_cpu='x86_64'
build_os='linux-gnu'
build_vendor='unknown'
datadir='${datarootdir}'
datarootdir='${prefix}/share'
dlldir='${exec_prefix}/lib'
docdir='${datarootdir}/doc/${PACKAGE_TARNAME}'
dvidir='${docdir}'
exec_prefix='${prefix}'
host='x86_64-unknown-linux-gnu'
host_alias=''
host_cpu='x86_64'
host_os='linux-gnu'
host_vendor='unknown'
htmldir='${docdir}'
includedir='${prefix}/include'
infodir='${datarootdir}/info'
libdir='${exec_prefix}/lib'
libexecdir='${exec_prefix}/libexec'
localedir='${datarootdir}/locale'
localstatedir='${prefix}/var'
mandir='${datarootdir}/man'
oldincludedir='/usr/include'
pdfdir='${docdir}'
prefix='/usr/local'
program_transform_name='s,x,x,'
psdir='${docdir}'
rheia_top_builddir='/home/nicolas/Code/rheia'
sbindir='${exec_prefix}/sbin'
sharedstatedir='${prefix}/com'
sysconfdir='${prefix}/etc'
target_alias=''

## ----------- ##
## confdefs.h. ##
## ----------- ##

/* confdefs.h */
#define PACKAGE_NAME "Rheia Framework"
#define PACKAGE_TARNAME "rheia-framework"
#define PACKAGE_VERSION "2.0.0"
#define PACKAGE_STRING "Rheia Framework 2.0.0"
#define PACKAGE_BUGREPORT "info@rheia-framework.com"
#define PACKAGE_URL ""

configure: exit 0
