This file contains any messages produced by compilers while
running configure, to aid debugging if configure makes a mistake.

It was created by Rheia Framework configure 2.0.0, which was
generated by GNU Autoconf 2.65.  Invocation command line was

  $ ../configure --enable-wx29 --enable-unicode --without-irrlicht --without-plplot --prefix=/usr

## --------- ##
## Platform. ##
## --------- ##

hostname = graymac
uname -m = x86_64
uname -r = 2.6.32-25-generic
uname -s = Linux
uname -v = #44-Ubuntu SMP Fri Sep 17 20:05:27 UTC 2010

/usr/bin/uname -p = unknown
/bin/uname -X     = unknown

/bin/arch              = unknown
/usr/bin/arch -k       = unknown
/usr/convex/getsysinfo = unknown
/usr/bin/hostinfo      = unknown
/bin/machine           = unknown
/usr/bin/oslevel       = unknown
/bin/universe          = unknown

PATH: /usr/local/sbin
PATH: /usr/local/bin
PATH: /usr/sbin
PATH: /usr/bin
PATH: /sbin
PATH: /bin
PATH: /usr/games


## ----------- ##
## Core tests. ##
## ----------- ##

configure:1999: checking build system type
configure:2013: result: x86_64-unknown-linux-gnu
configure:2033: checking host system type
configure:2046: result: x86_64-unknown-linux-gnu
configure:2226: /usr/bin
configure:2240: checking for --without-irrlicht
configure:2271: result: yes
configure:2284: checking for --without-plplot
configure:2315: result: yes
configure:2565: checking for gcc
configure:2581: found /usr/bin/gcc
configure:2592: result: gcc
configure:2821: checking for C compiler version
configure:2830: gcc --version >&5
gcc (Ubuntu 4.4.3-4ubuntu5) 4.4.3
Copyright (C) 2009 Free Software Foundation, Inc.
This is free software; see the source for copying conditions.  There is NO
warranty; not even for MERCHANTABILITY or FITNESS FOR A PARTICULAR PURPOSE.

configure:2841: $? = 0
configure:2830: gcc -v >&5
Using built-in specs.
Target: x86_64-linux-gnu
Configured with: ../src/configure -v --with-pkgversion='Ubuntu 4.4.3-4ubuntu5' --with-bugurl=file:///usr/share/doc/gcc-4.4/README.Bugs --enable-languages=c,c++,fortran,objc,obj-c++ --prefix=/usr --enable-shared --enable-multiarch --enable-linker-build-id --with-system-zlib --libexecdir=/usr/lib --without-included-gettext --enable-threads=posix --with-gxx-include-dir=/usr/include/c++/4.4 --program-suffix=-4.4 --enable-nls --enable-clocale=gnu --enable-libstdcxx-debug --enable-plugin --enable-objc-gc --disable-werror --with-arch-32=i486 --with-tune=generic --enable-checking=release --build=x86_64-linux-gnu --host=x86_64-linux-gnu --target=x86_64-linux-gnu
Thread model: posix
gcc version 4.4.3 (Ubuntu 4.4.3-4ubuntu5) 
configure:2841: $? = 0
configure:2830: gcc -V >&5
gcc: '-V' option must have argument
configure:2841: $? = 1
configure:2830: gcc -qversion >&5
gcc: unrecognized option '-qversion'
gcc: no input files
configure:2841: $? = 1
configure:2845: checking whether we are using the GNU C compiler
configure:2864: gcc -c   conftest.c >&5
configure:2864: $? = 0
configure: failed program was:
| /* confdefs.h */
| #define PACKAGE_NAME "Rheia Framework"
| #define PACKAGE_TARNAME "rheia-framework"
| #define PACKAGE_VERSION "2.0.0"
| #define PACKAGE_STRING "Rheia Framework 2.0.0"
| #define PACKAGE_BUGREPORT "info@rheia-framework.com"
| #define PACKAGE_URL ""
| /* end confdefs.h.  */
| 
| int
| main ()
| {
| #ifndef __GNUC__
|        choke me
| #endif
| 
|   ;
|   return 0;
| }
configure:2873: result: no
configure:2882: checking whether gcc accepts -g
configure:2902: gcc -c -g  conftest.c >&5
configure:2902: $? = 0
configure: failed program was:
| /* confdefs.h */
| #define PACKAGE_NAME "Rheia Framework"
| #define PACKAGE_TARNAME "rheia-framework"
| #define PACKAGE_VERSION "2.0.0"
| #define PACKAGE_STRING "Rheia Framework 2.0.0"
| #define PACKAGE_BUGREPORT "info@rheia-framework.com"
| #define PACKAGE_URL ""
| /* end confdefs.h.  */
| 
| int
| main ()
| {
| 
|   ;
|   return 0;
| }
configure:2917: gcc -c   conftest.c >&5
configure:2917: $? = 0
configure: failed program was:
| /* confdefs.h */
| #define PACKAGE_NAME "Rheia Framework"
| #define PACKAGE_TARNAME "rheia-framework"
| #define PACKAGE_VERSION "2.0.0"
| #define PACKAGE_STRING "Rheia Framework 2.0.0"
| #define PACKAGE_BUGREPORT "info@rheia-framework.com"
| #define PACKAGE_URL ""
| /* end confdefs.h.  */
| 
| int
| main ()
| {
| 
|   ;
|   return 0;
| }
configure:2933: gcc -c -g  conftest.c >&5
configure:2933: $? = 0
configure: failed program was:
| /* confdefs.h */
| #define PACKAGE_NAME "Rheia Framework"
| #define PACKAGE_TARNAME "rheia-framework"
| #define PACKAGE_VERSION "2.0.0"
| #define PACKAGE_STRING "Rheia Framework 2.0.0"
| #define PACKAGE_BUGREPORT "info@rheia-framework.com"
| #define PACKAGE_URL ""
| /* end confdefs.h.  */
| 
| int
| main ()
| {
| 
|   ;
|   return 0;
| }
configure:2943: result: no
configure:2960: checking for gcc option to accept ISO C89
configure:3024: gcc  -c   conftest.c >&5
configure:3024: $? = 0
configure: failed program was:
| /* confdefs.h */
| #define PACKAGE_NAME "Rheia Framework"
| #define PACKAGE_TARNAME "rheia-framework"
| #define PACKAGE_VERSION "2.0.0"
| #define PACKAGE_STRING "Rheia Framework 2.0.0"
| #define PACKAGE_BUGREPORT "info@rheia-framework.com"
| #define PACKAGE_URL ""
| /* end confdefs.h.  */
| #include <stdarg.h>
| #include <stdio.h>
| #include <sys/types.h>
| #include <sys/stat.h>
| /* Most of the following tests are stolen from RCS 5.7's src/conf.sh.  */
| struct buf { int x; };
| FILE * (*rcsopen) (struct buf *, struct stat *, int);
| static char *e (p, i)
|      char **p;
|      int i;
| {
|   return p[i];
| }
| static char *f (char * (*g) (char **, int), char **p, ...)
| {
|   char *s;
|   va_list v;
|   va_start (v,p);
|   s = g (p, va_arg (v,int));
|   va_end (v);
|   return s;
| }
| 
| /* OSF 4.0 Compaq cc is some sort of almost-ANSI by default.  It has
|    function prototypes and stuff, but not '\xHH' hex character constants.
|    These don't provoke an error unfortunately, instead are silently treated
|    as 'x'.  The following induces an error, until -std is added to get
|    proper ANSI mode.  Curiously '\x00'!='x' always comes out true, for an
|    array size at least.  It's necessary to write '\x00'==0 to get something
|    that's true only with -std.  */
| int osf4_cc_array ['\x00' == 0 ? 1 : -1];
| 
| /* IBM C 6 for AIX is almost-ANSI by default, but it replaces macro parameters
|    inside strings and character constants.  */
| #define FOO(x) 'x'
| int xlc6_cc_array[FOO(a) == 'x' ? 1 : -1];
| 
| int test (int i, double x);
| struct s1 {int (*f) (int a);};
| struct s2 {int (*f) (double a);};
| int pairnames (int, char **, FILE *(*)(struct buf *, struct stat *, int), int, int);
| int argc;
| char **argv;
| int
| main ()
| {
| return f (e, argv, 0) != argv[0]  ||  f (e, argv, 1) != argv[1];
|   ;
|   return 0;
| }
configure:3024: gcc -qlanglvl=extc89 -c   conftest.c >&5
gcc: unrecognized option '-qlanglvl=extc89'
configure:3024: $? = 0
configure: failed program was:
| /* confdefs.h */
| #define PACKAGE_NAME "Rheia Framework"
| #define PACKAGE_TARNAME "rheia-framework"
| #define PACKAGE_VERSION "2.0.0"
| #define PACKAGE_STRING "Rheia Framework 2.0.0"
| #define PACKAGE_BUGREPORT "info@rheia-framework.com"
| #define PACKAGE_URL ""
| /* end confdefs.h.  */
| #include <stdarg.h>
| #include <stdio.h>
| #include <sys/types.h>
| #include <sys/stat.h>
| /* Most of the following tests are stolen from RCS 5.7's src/conf.sh.  */
| struct buf { int x; };
| FILE * (*rcsopen) (struct buf *, struct stat *, int);
| static char *e (p, i)
|      char **p;
|      int i;
| {
|   return p[i];
| }
| static char *f (char * (*g) (char **, int), char **p, ...)
| {
|   char *s;
|   va_list v;
|   va_start (v,p);
|   s = g (p, va_arg (v,int));
|   va_end (v);
|   return s;
| }
| 
| /* OSF 4.0 Compaq cc is some sort of almost-ANSI by default.  It has
|    function prototypes and stuff, but not '\xHH' hex character constants.
|    These don't provoke an error unfortunately, instead are silently treated
|    as 'x'.  The following induces an error, until -std is added to get
|    proper ANSI mode.  Curiously '\x00'!='x' always comes out true, for an
|    array size at least.  It's necessary to write '\x00'==0 to get something
|    that's true only with -std.  */
| int osf4_cc_array ['\x00' == 0 ? 1 : -1];
| 
| /* IBM C 6 for AIX is almost-ANSI by default, but it replaces macro parameters
|    inside strings and character constants.  */
| #define FOO(x) 'x'
| int xlc6_cc_array[FOO(a) == 'x' ? 1 : -1];
| 
| int test (int i, double x);
| struct s1 {int (*f) (int a);};
| struct s2 {int (*f) (double a);};
| int pairnames (int, char **, FILE *(*)(struct buf *, struct stat *, int), int, int);
| int argc;
| char **argv;
| int
| main ()
| {
| return f (e, argv, 0) != argv[0]  ||  f (e, argv, 1) != argv[1];
|   ;
|   return 0;
| }
configure:3024: gcc -qlanglvl=ansi -c   conftest.c >&5
gcc: unrecognized option '-qlanglvl=ansi'
configure:3024: $? = 0
configure: failed program was:
| /* confdefs.h */
| #define PACKAGE_NAME "Rheia Framework"
| #define PACKAGE_TARNAME "rheia-framework"
| #define PACKAGE_VERSION "2.0.0"
| #define PACKAGE_STRING "Rheia Framework 2.0.0"
| #define PACKAGE_BUGREPORT "info@rheia-framework.com"
| #define PACKAGE_URL ""
| /* end confdefs.h.  */
| #include <stdarg.h>
| #include <stdio.h>
| #include <sys/types.h>
| #include <sys/stat.h>
| /* Most of the following tests are stolen from RCS 5.7's src/conf.sh.  */
| struct buf { int x; };
| FILE * (*rcsopen) (struct buf *, struct stat *, int);
| static char *e (p, i)
|      char **p;
|      int i;
| {
|   return p[i];
| }
| static char *f (char * (*g) (char **, int), char **p, ...)
| {
|   char *s;
|   va_list v;
|   va_start (v,p);
|   s = g (p, va_arg (v,int));
|   va_end (v);
|   return s;
| }
| 
| /* OSF 4.0 Compaq cc is some sort of almost-ANSI by default.  It has
|    function prototypes and stuff, but not '\xHH' hex character constants.
|    These don't provoke an error unfortunately, instead are silently treated
|    as 'x'.  The following induces an error, until -std is added to get
|    proper ANSI mode.  Curiously '\x00'!='x' always comes out true, for an
|    array size at least.  It's necessary to write '\x00'==0 to get something
|    that's true only with -std.  */
| int osf4_cc_array ['\x00' == 0 ? 1 : -1];
| 
| /* IBM C 6 for AIX is almost-ANSI by default, but it replaces macro parameters
|    inside strings and character constants.  */
| #define FOO(x) 'x'
| int xlc6_cc_array[FOO(a) == 'x' ? 1 : -1];
| 
| int test (int i, double x);
| struct s1 {int (*f) (int a);};
| struct s2 {int (*f) (double a);};
| int pairnames (int, char **, FILE *(*)(struct buf *, struct stat *, int), int, int);
| int argc;
| char **argv;
| int
| main ()
| {
| return f (e, argv, 0) != argv[0]  ||  f (e, argv, 1) != argv[1];
|   ;
|   return 0;
| }
configure:3024: gcc -std -c   conftest.c >&5
cc1: error: unrecognized command line option "-std"
configure:3024: $? = 1
configure: failed program was:
| /* confdefs.h */
| #define PACKAGE_NAME "Rheia Framework"
| #define PACKAGE_TARNAME "rheia-framework"
| #define PACKAGE_VERSION "2.0.0"
| #define PACKAGE_STRING "Rheia Framework 2.0.0"
| #define PACKAGE_BUGREPORT "info@rheia-framework.com"
| #define PACKAGE_URL ""
| /* end confdefs.h.  */
| #include <stdarg.h>
| #include <stdio.h>
| #include <sys/types.h>
| #include <sys/stat.h>
| /* Most of the following tests are stolen from RCS 5.7's src/conf.sh.  */
| struct buf { int x; };
| FILE * (*rcsopen) (struct buf *, struct stat *, int);
| static char *e (p, i)
|      char **p;
|      int i;
| {
|   return p[i];
| }
| static char *f (char * (*g) (char **, int), char **p, ...)
| {
|   char *s;
|   va_list v;
|   va_start (v,p);
|   s = g (p, va_arg (v,int));
|   va_end (v);
|   return s;
| }
| 
| /* OSF 4.0 Compaq cc is some sort of almost-ANSI by default.  It has
|    function prototypes and stuff, but not '\xHH' hex character constants.
|    These don't provoke an error unfortunately, instead are silently treated
|    as 'x'.  The following induces an error, until -std is added to get
|    proper ANSI mode.  Curiously '\x00'!='x' always comes out true, for an
|    array size at least.  It's necessary to write '\x00'==0 to get something
|    that's true only with -std.  */
| int osf4_cc_array ['\x00' == 0 ? 1 : -1];
| 
| /* IBM C 6 for AIX is almost-ANSI by default, but it replaces macro parameters
|    inside strings and character constants.  */
| #define FOO(x) 'x'
| int xlc6_cc_array[FOO(a) == 'x' ? 1 : -1];
| 
| int test (int i, double x);
| struct s1 {int (*f) (int a);};
| struct s2 {int (*f) (double a);};
| int pairnames (int, char **, FILE *(*)(struct buf *, struct stat *, int), int, int);
| int argc;
| char **argv;
| int
| main ()
| {
| return f (e, argv, 0) != argv[0]  ||  f (e, argv, 1) != argv[1];
|   ;
|   return 0;
| }
configure:3024: gcc -Ae -c   conftest.c >&5
<command-line>: error: missing '(' after predicate
configure:3024: $? = 1
configure: failed program was:
| /* confdefs.h */
| #define PACKAGE_NAME "Rheia Framework"
| #define PACKAGE_TARNAME "rheia-framework"
| #define PACKAGE_VERSION "2.0.0"
| #define PACKAGE_STRING "Rheia Framework 2.0.0"
| #define PACKAGE_BUGREPORT "info@rheia-framework.com"
| #define PACKAGE_URL ""
| /* end confdefs.h.  */
| #include <stdarg.h>
| #include <stdio.h>
| #include <sys/types.h>
| #include <sys/stat.h>
| /* Most of the following tests are stolen from RCS 5.7's src/conf.sh.  */
| struct buf { int x; };
| FILE * (*rcsopen) (struct buf *, struct stat *, int);
| static char *e (p, i)
|      char **p;
|      int i;
| {
|   return p[i];
| }
| static char *f (char * (*g) (char **, int), char **p, ...)
| {
|   char *s;
|   va_list v;
|   va_start (v,p);
|   s = g (p, va_arg (v,int));
|   va_end (v);
|   return s;
| }
| 
| /* OSF 4.0 Compaq cc is some sort of almost-ANSI by default.  It has
|    function prototypes and stuff, but not '\xHH' hex character constants.
|    These don't provoke an error unfortunately, instead are silently treated
|    as 'x'.  The following induces an error, until -std is added to get
|    proper ANSI mode.  Curiously '\x00'!='x' always comes out true, for an
|    array size at least.  It's necessary to write '\x00'==0 to get something
|    that's true only with -std.  */
| int osf4_cc_array ['\x00' == 0 ? 1 : -1];
| 
| /* IBM C 6 for AIX is almost-ANSI by default, but it replaces macro parameters
|    inside strings and character constants.  */
| #define FOO(x) 'x'
| int xlc6_cc_array[FOO(a) == 'x' ? 1 : -1];
| 
| int test (int i, double x);
| struct s1 {int (*f) (int a);};
| struct s2 {int (*f) (double a);};
| int pairnames (int, char **, FILE *(*)(struct buf *, struct stat *, int), int, int);
| int argc;
| char **argv;
| int
| main ()
| {
| return f (e, argv, 0) != argv[0]  ||  f (e, argv, 1) != argv[1];
|   ;
|   return 0;
| }
configure:3024: gcc -Aa -D_HPUX_SOURCE -c   conftest.c >&5
<command-line>: error: missing '(' after predicate
configure:3024: $? = 1
configure: failed program was:
| /* confdefs.h */
| #define PACKAGE_NAME "Rheia Framework"
| #define PACKAGE_TARNAME "rheia-framework"
| #define PACKAGE_VERSION "2.0.0"
| #define PACKAGE_STRING "Rheia Framework 2.0.0"
| #define PACKAGE_BUGREPORT "info@rheia-framework.com"
| #define PACKAGE_URL ""
| /* end confdefs.h.  */
| #include <stdarg.h>
| #include <stdio.h>
| #include <sys/types.h>
| #include <sys/stat.h>
| /* Most of the following tests are stolen from RCS 5.7's src/conf.sh.  */
| struct buf { int x; };
| FILE * (*rcsopen) (struct buf *, struct stat *, int);
| static char *e (p, i)
|      char **p;
|      int i;
| {
|   return p[i];
| }
| static char *f (char * (*g) (char **, int), char **p, ...)
| {
|   char *s;
|   va_list v;
|   va_start (v,p);
|   s = g (p, va_arg (v,int));
|   va_end (v);
|   return s;
| }
| 
| /* OSF 4.0 Compaq cc is some sort of almost-ANSI by default.  It has
|    function prototypes and stuff, but not '\xHH' hex character constants.
|    These don't provoke an error unfortunately, instead are silently treated
|    as 'x'.  The following induces an error, until -std is added to get
|    proper ANSI mode.  Curiously '\x00'!='x' always comes out true, for an
|    array size at least.  It's necessary to write '\x00'==0 to get something
|    that's true only with -std.  */
| int osf4_cc_array ['\x00' == 0 ? 1 : -1];
| 
| /* IBM C 6 for AIX is almost-ANSI by default, but it replaces macro parameters
|    inside strings and character constants.  */
| #define FOO(x) 'x'
| int xlc6_cc_array[FOO(a) == 'x' ? 1 : -1];
| 
| int test (int i, double x);
| struct s1 {int (*f) (int a);};
| struct s2 {int (*f) (double a);};
| int pairnames (int, char **, FILE *(*)(struct buf *, struct stat *, int), int, int);
| int argc;
| char **argv;
| int
| main ()
| {
| return f (e, argv, 0) != argv[0]  ||  f (e, argv, 1) != argv[1];
|   ;
|   return 0;
| }
configure:3024: gcc -Xc -D__EXTENSIONS__ -c   conftest.c >&5
gcc: unrecognized option '-Xc'
configure:3024: $? = 0
configure: failed program was:
| /* confdefs.h */
| #define PACKAGE_NAME "Rheia Framework"
| #define PACKAGE_TARNAME "rheia-framework"
| #define PACKAGE_VERSION "2.0.0"
| #define PACKAGE_STRING "Rheia Framework 2.0.0"
| #define PACKAGE_BUGREPORT "info@rheia-framework.com"
| #define PACKAGE_URL ""
| /* end confdefs.h.  */
| #include <stdarg.h>
| #include <stdio.h>
| #include <sys/types.h>
| #include <sys/stat.h>
| /* Most of the following tests are stolen from RCS 5.7's src/conf.sh.  */
| struct buf { int x; };
| FILE * (*rcsopen) (struct buf *, struct stat *, int);
| static char *e (p, i)
|      char **p;
|      int i;
| {
|   return p[i];
| }
| static char *f (char * (*g) (char **, int), char **p, ...)
| {
|   char *s;
|   va_list v;
|   va_start (v,p);
|   s = g (p, va_arg (v,int));
|   va_end (v);
|   return s;
| }
| 
| /* OSF 4.0 Compaq cc is some sort of almost-ANSI by default.  It has
|    function prototypes and stuff, but not '\xHH' hex character constants.
|    These don't provoke an error unfortunately, instead are silently treated
|    as 'x'.  The following induces an error, until -std is added to get
|    proper ANSI mode.  Curiously '\x00'!='x' always comes out true, for an
|    array size at least.  It's necessary to write '\x00'==0 to get something
|    that's true only with -std.  */
| int osf4_cc_array ['\x00' == 0 ? 1 : -1];
| 
| /* IBM C 6 for AIX is almost-ANSI by default, but it replaces macro parameters
|    inside strings and character constants.  */
| #define FOO(x) 'x'
| int xlc6_cc_array[FOO(a) == 'x' ? 1 : -1];
| 
| int test (int i, double x);
| struct s1 {int (*f) (int a);};
| struct s2 {int (*f) (double a);};
| int pairnames (int, char **, FILE *(*)(struct buf *, struct stat *, int), int, int);
| int argc;
| char **argv;
| int
| main ()
| {
| return f (e, argv, 0) != argv[0]  ||  f (e, argv, 1) != argv[1];
|   ;
|   return 0;
| }
configure:3040: result: unsupported
configure:3108: checking for gcc
configure:3135: result: gcc
configure:3364: checking for C compiler version
configure:3373: gcc --version >&5
gcc (Ubuntu 4.4.3-4ubuntu5) 4.4.3
Copyright (C) 2009 Free Software Foundation, Inc.
This is free software; see the source for copying conditions.  There is NO
warranty; not even for MERCHANTABILITY or FITNESS FOR A PARTICULAR PURPOSE.

configure:3384: $? = 0
configure:3373: gcc -v >&5
Using built-in specs.
Target: x86_64-linux-gnu
Configured with: ../src/configure -v --with-pkgversion='Ubuntu 4.4.3-4ubuntu5' --with-bugurl=file:///usr/share/doc/gcc-4.4/README.Bugs --enable-languages=c,c++,fortran,objc,obj-c++ --prefix=/usr --enable-shared --enable-multiarch --enable-linker-build-id --with-system-zlib --libexecdir=/usr/lib --without-included-gettext --enable-threads=posix --with-gxx-include-dir=/usr/include/c++/4.4 --program-suffix=-4.4 --enable-nls --enable-clocale=gnu --enable-libstdcxx-debug --enable-plugin --enable-objc-gc --disable-werror --with-arch-32=i486 --with-tune=generic --enable-checking=release --build=x86_64-linux-gnu --host=x86_64-linux-gnu --target=x86_64-linux-gnu
Thread model: posix
gcc version 4.4.3 (Ubuntu 4.4.3-4ubuntu5) 
configure:3384: $? = 0
configure:3373: gcc -V >&5
gcc: '-V' option must have argument
configure:3384: $? = 1
configure:3373: gcc -qversion >&5
gcc: unrecognized option '-qversion'
gcc: no input files
configure:3384: $? = 1
configure:3404: checking whether the C compiler works
configure:3426: gcc    conftest.c  >&5
configure:3430: $? = 0
configure:3479: result: yes
configure:3482: checking for C compiler default output file name
configure:3484: result: a.out
configure:3490: checking for suffix of executables
configure:3497: gcc -o conftest    conftest.c  >&5
configure:3501: $? = 0
configure:3523: result: 
configure:3545: checking whether we are cross compiling
configure:3553: gcc -o conftest    conftest.c  >&5
configure:3557: $? = 0
configure:3564: ./conftest
configure:3568: $? = 0
configure:3583: result: no
configure:3588: checking for suffix of object files
configure:3610: gcc -c   conftest.c >&5
configure:3614: $? = 0
configure:3635: result: o
configure:3639: checking whether we are using the GNU C compiler
configure:3667: result: no
configure:3676: checking whether gcc accepts -g
configure:3737: result: no
configure:3754: checking for gcc option to accept ISO C89
configure:3834: result: unsupported
configure:3860: checking whether we are using the Intel C compiler
configure:3880: gcc -c   conftest.c >&5
conftest.c: In function 'main':
conftest.c:15: error: 'choke' undeclared (first use in this function)
conftest.c:15: error: (Each undeclared identifier is reported only once
conftest.c:15: error: for each function it appears in.)
conftest.c:15: error: expected ';' before 'me'
configure:3880: $? = 1
configure: failed program was:
| /* confdefs.h */
| #define PACKAGE_NAME "Rheia Framework"
| #define PACKAGE_TARNAME "rheia-framework"
| #define PACKAGE_VERSION "2.0.0"
| #define PACKAGE_STRING "Rheia Framework 2.0.0"
| #define PACKAGE_BUGREPORT "info@rheia-framework.com"
| #define PACKAGE_URL ""
| /* end confdefs.h.  */
| 
| int
| main ()
| {
| 
|              #ifndef __INTEL_COMPILER
|                 choke me
|              #endif
| 
|   ;
|   return 0;
| }
configure:3890: result: no
configure:4388: checking whether we are using the Sun C compiler
configure:4408: gcc -c   conftest.c >&5
conftest.c: In function 'main':
conftest.c:15: error: 'choke' undeclared (first use in this function)
conftest.c:15: error: (Each undeclared identifier is reported only once
conftest.c:15: error: for each function it appears in.)
conftest.c:15: error: expected ';' before 'me'
configure:4408: $? = 1
configure: failed program was:
| /* confdefs.h */
| #define PACKAGE_NAME "Rheia Framework"
| #define PACKAGE_TARNAME "rheia-framework"
| #define PACKAGE_VERSION "2.0.0"
| #define PACKAGE_STRING "Rheia Framework 2.0.0"
| #define PACKAGE_BUGREPORT "info@rheia-framework.com"
| #define PACKAGE_URL ""
| /* end confdefs.h.  */
| 
| int
| main ()
| {
| 
|              #ifndef __SUNPRO_C
|                 choke me
|              #endif
| 
|   ;
|   return 0;
| }
configure:4418: result: no
configure:4665: checking for g++
configure:4681: found /usr/bin/g++
configure:4692: result: g++
configure:4719: checking for C++ compiler version
configure:4728: g++ --version >&5
g++ (Ubuntu 4.4.3-4ubuntu5) 4.4.3
Copyright (C) 2009 Free Software Foundation, Inc.
This is free software; see the source for copying conditions.  There is NO
warranty; not even for MERCHANTABILITY or FITNESS FOR A PARTICULAR PURPOSE.

configure:4739: $? = 0
configure:4728: g++ -v >&5
Using built-in specs.
Target: x86_64-linux-gnu
Configured with: ../src/configure -v --with-pkgversion='Ubuntu 4.4.3-4ubuntu5' --with-bugurl=file:///usr/share/doc/gcc-4.4/README.Bugs --enable-languages=c,c++,fortran,objc,obj-c++ --prefix=/usr --enable-shared --enable-multiarch --enable-linker-build-id --with-system-zlib --libexecdir=/usr/lib --without-included-gettext --enable-threads=posix --with-gxx-include-dir=/usr/include/c++/4.4 --program-suffix=-4.4 --enable-nls --enable-clocale=gnu --enable-libstdcxx-debug --enable-plugin --enable-objc-gc --disable-werror --with-arch-32=i486 --with-tune=generic --enable-checking=release --build=x86_64-linux-gnu --host=x86_64-linux-gnu --target=x86_64-linux-gnu
Thread model: posix
gcc version 4.4.3 (Ubuntu 4.4.3-4ubuntu5) 
configure:4739: $? = 0
configure:4728: g++ -V >&5
g++: '-V' option must have argument
configure:4739: $? = 1
configure:4728: g++ -qversion >&5
g++: unrecognized option '-qversion'
g++: no input files
configure:4739: $? = 1
configure:4743: checking whether we are using the GNU C++ compiler
configure:4762: g++ -c   conftest.cpp >&5
configure:4762: $? = 0
configure:4771: result: yes
configure:4780: checking whether g++ accepts -g
configure:4800: g++ -c -g  conftest.cpp >&5
configure:4800: $? = 0
configure:4841: result: yes
configure:4979: checking for C++ compiler version
configure:4988: g++ --version >&5
g++ (Ubuntu 4.4.3-4ubuntu5) 4.4.3
Copyright (C) 2009 Free Software Foundation, Inc.
This is free software; see the source for copying conditions.  There is NO
warranty; not even for MERCHANTABILITY or FITNESS FOR A PARTICULAR PURPOSE.

configure:4999: $? = 0
configure:4988: g++ -v >&5
Using built-in specs.
Target: x86_64-linux-gnu
Configured with: ../src/configure -v --with-pkgversion='Ubuntu 4.4.3-4ubuntu5' --with-bugurl=file:///usr/share/doc/gcc-4.4/README.Bugs --enable-languages=c,c++,fortran,objc,obj-c++ --prefix=/usr --enable-shared --enable-multiarch --enable-linker-build-id --with-system-zlib --libexecdir=/usr/lib --without-included-gettext --enable-threads=posix --with-gxx-include-dir=/usr/include/c++/4.4 --program-suffix=-4.4 --enable-nls --enable-clocale=gnu --enable-libstdcxx-debug --enable-plugin --enable-objc-gc --disable-werror --with-arch-32=i486 --with-tune=generic --enable-checking=release --build=x86_64-linux-gnu --host=x86_64-linux-gnu --target=x86_64-linux-gnu
Thread model: posix
gcc version 4.4.3 (Ubuntu 4.4.3-4ubuntu5) 
configure:4999: $? = 0
configure:4988: g++ -V >&5
g++: '-V' option must have argument
configure:4999: $? = 1
configure:4988: g++ -qversion >&5
g++: unrecognized option '-qversion'
g++: no input files
configure:4999: $? = 1
configure:5003: checking whether we are using the GNU C++ compiler
configure:5031: result: yes
configure:5040: checking whether g++ accepts -g
configure:5101: result: yes
configure:5133: checking whether we are using the Intel C++ compiler
configure:5153: g++ -c -g -O2  conftest.cpp >&5
conftest.cpp: In function 'int main()':
conftest.cpp:15: error: 'choke' was not declared in this scope
conftest.cpp:15: error: expected ';' before 'me'
configure:5153: $? = 1
configure: failed program was:
| /* confdefs.h */
| #define PACKAGE_NAME "Rheia Framework"
| #define PACKAGE_TARNAME "rheia-framework"
| #define PACKAGE_VERSION "2.0.0"
| #define PACKAGE_STRING "Rheia Framework 2.0.0"
| #define PACKAGE_BUGREPORT "info@rheia-framework.com"
| #define PACKAGE_URL ""
| /* end confdefs.h.  */
| 
| int
| main ()
| {
| 
|              #ifndef __INTEL_COMPILER
|                 choke me
|              #endif
| 
|   ;
|   return 0;
| }
configure:5163: result: no
configure:5661: checking whether we are using the Sun C++ compiler
configure:5681: g++ -c -g -O2  conftest.cpp >&5
conftest.cpp: In function 'int main()':
conftest.cpp:15: error: 'choke' was not declared in this scope
conftest.cpp:15: error: expected ';' before 'me'
configure:5681: $? = 1
configure: failed program was:
| /* confdefs.h */
| #define PACKAGE_NAME "Rheia Framework"
| #define PACKAGE_TARNAME "rheia-framework"
| #define PACKAGE_VERSION "2.0.0"
| #define PACKAGE_STRING "Rheia Framework 2.0.0"
| #define PACKAGE_BUGREPORT "info@rheia-framework.com"
| #define PACKAGE_URL ""
| /* end confdefs.h.  */
| 
| int
| main ()
| {
| 
|              #ifndef __SUNPRO_CC
|                 choke me
|              #endif
| 
|   ;
|   return 0;
| }
configure:5691: result: no
configure:5894: checking for a BSD-compatible install
configure:5962: result: /usr/bin/install -c
configure:6032: checking for ranlib
configure:6048: found /usr/bin/ranlib
configure:6059: result: ranlib
configure:6082: checking whether ln -s works
configure:6086: result: yes
configure:6094: checking whether make sets $(MAKE)
configure:6116: result: yes
configure:6179: checking for ar
configure:6195: found /usr/bin/ar
configure:6206: result: ar
configure:6275: checking for strip
configure:6291: found /usr/bin/strip
configure:6302: result: strip
configure:6367: checking for nm
configure:6383: found /usr/bin/nm
configure:6394: result: nm
configure:6417: checking for command to install directories
configure:6424: result: /usr/bin/install -c -d
configure:6442: checking if make is GNU make
configure:6456: result: yes
configure:7498: checking for dependency tracking method
configure:7548: result: none
configure:8266: creating ./config.status

## ---------------------- ##
## Running config.status. ##
## ---------------------- ##

This file was extended by Rheia Framework config.status 2.0.0, which was
generated by GNU Autoconf 2.65.  Invocation command line was

  CONFIG_FILES    = 
  CONFIG_HEADERS  = 
  CONFIG_LINKS    = 
  CONFIG_COMMANDS = 
  $ ./config.status 

on graymac

config.status:873: creating Makefile
config.status:873: creating lib/rheia/config/rheia-config

## ---------------- ##
## Cache variables. ##
## ---------------- ##

ac_cv_build=x86_64-unknown-linux-gnu
ac_cv_c_compiler_gnu=no
ac_cv_cxx_compiler_gnu=yes
ac_cv_env_CCC_set=
ac_cv_env_CCC_value=
ac_cv_env_CC_set=
ac_cv_env_CC_value=
ac_cv_env_CFLAGS_set=
ac_cv_env_CFLAGS_value=
ac_cv_env_CPPFLAGS_set=
ac_cv_env_CPPFLAGS_value=
ac_cv_env_CXXFLAGS_set=
ac_cv_env_CXXFLAGS_value=
ac_cv_env_CXX_set=
ac_cv_env_CXX_value=
ac_cv_env_LDFLAGS_set=
ac_cv_env_LDFLAGS_value=
ac_cv_env_LIBS_set=
ac_cv_env_LIBS_value=
ac_cv_env_build_alias_set=
ac_cv_env_build_alias_value=
ac_cv_env_host_alias_set=
ac_cv_env_host_alias_value=
ac_cv_env_target_alias_set=
ac_cv_env_target_alias_value=
ac_cv_host=x86_64-unknown-linux-gnu
ac_cv_objext=o
ac_cv_path_install='/usr/bin/install -c'
ac_cv_prog_ac_ct_AR=ar
ac_cv_prog_ac_ct_CC=gcc
ac_cv_prog_ac_ct_CXX=g++
ac_cv_prog_ac_ct_NM=nm
ac_cv_prog_ac_ct_RANLIB=ranlib
ac_cv_prog_ac_ct_STRIP=strip
ac_cv_prog_cc_c89=no
ac_cv_prog_cc_g=no
ac_cv_prog_cxx_g=yes
ac_cv_prog_make_make_set=yes
bakefile_cv_c_compiler___INTEL_COMPILER=no
bakefile_cv_c_compiler___SUNPRO_C=no
bakefile_cv_cxx_compiler___INTEL_COMPILER=no
bakefile_cv_cxx_compiler___SUNPRO_CC=no
bakefile_cv_prog_makeisgnu=yes
wx_cv_use_irrlicht=rheiaUSE_IRRLICHT=no
wx_cv_use_plplot=rheiaUSE_PLPLOT=no

## ----------------- ##
## Output variables. ##
## ----------------- ##

AIX_CXX_LD=''
ALL_RHEIA_LIBS='utils base loggers workspacemgt packagemgt editor python webconnect'
AR='ar'
AROPTIONS='rcu'
BK_DEPS=''
BUILD='release'
BUILT_RHEIA_LIBS='utils base loggers workspacemgt packagemgt editor python webconnect'
CC='gcc'
CFLAGS=''
COND_BUILD_debug='#'
COND_BUILD_debug_DEBUG_INFO_default='#'
COND_BUILD_release=''
COND_BUILD_release_DEBUG_INFO_default='#'
COND_DEBUG_FLAG_0=''
COND_DEBUG_FLAG_1='#'
COND_DEBUG_INFO_0=''
COND_DEBUG_INFO_1='#'
COND_DEPS_TRACKING_0=''
COND_DEPS_TRACKING_1='#'
COND_MONOLITHIC_0=''
COND_MONOLITHIC_0_SHARED_1=''
COND_MONOLITHIC_1='#'
COND_MONOLITHIC_1_SHARED_1='#'
COND_OFFICIAL_BUILD_0_PLATFORM_WIN32_1='#'
COND_OFFICIAL_BUILD_1_PLATFORM_WIN32_1='#'
COND_PLATFORM_MACOSX_0_USE_SOVERCYGWIN_0_USE_SOVERSION_1=''
COND_PLATFORM_MACOSX_0_USE_SOVERSION_1=''
COND_PLATFORM_MACOSX_1='#'
COND_PLATFORM_MACOSX_1_USE_IRRLICHT_1='#'
COND_PLATFORM_MACOSX_1_USE_SOVERSION_1='#'
COND_PLATFORM_MAC_0=''
COND_PLATFORM_MAC_1='#'
COND_PLATFORM_OS2_1='#'
COND_PLATFORM_WIN32_0=''
COND_PLATFORM_WIN32_1='#'
COND_PLATFORM_WIN32_1_USE_IRRLICHT_1='#'
COND_SHARED_1=''
COND_TOOLKIT_MAC='#'
COND_UNICODE_1=''
COND_USE_EXCEPTIONS_0='#'
COND_USE_EXCEPTIONS_1=''
COND_USE_IRRLICHT_1='#'
COND_USE_PLPLOT_1='#'
COND_USE_RTTI_0='#'
COND_USE_RTTI_1='#'
COND_USE_SOTWOSYMLINKS_1=''
COND_USE_SOVERCYGWIN_1_USE_SOVERSION_1='#'
COND_USE_SOVERLINUX_1=''
COND_USE_SOVERSION_0='#'
COND_USE_SOVERSION_1_USE_SOVERSOLARIS_1='#'
COND_USE_SOVERSOLARIS_1='#'
COND_USE_THREADS_0='#'
COND_USE_THREADS_1=''
COND_USE_WX29_0='#'
COND_USE_WX29_1=''
COND_WINDOWS_IMPLIB_1='#'
CPPFLAGS=''
CXX='g++'
CXXFLAGS='-g -O2'
CXXWARNINGS=''
DEBUG_FLAG='0'
DEBUG_INFO='0'
DEFS='-DPACKAGE_NAME=\"Rheia\ Framework\" -DPACKAGE_TARNAME=\"rheia-framework\" -DPACKAGE_VERSION=\"2.0.0\" -DPACKAGE_STRING=\"Rheia\ Framework\ 2.0.0\" -DPACKAGE_BUGREPORT=\"info@rheia-framework.com\" -DPACKAGE_URL=\"\"'
DEPS_TRACKING='0'
DLLIMP_SUFFIX='so'
DLLPREFIX='lib'
DLLPREFIX_MODULE=''
DYLIB_RPATH_INSTALL=''
DYLIB_RPATH_POSTLINK=''
ECHO_C=''
ECHO_N='-n'
ECHO_T=''
EGREP='egrep'
EXEEXT=''
EXTRALIBS=''
HOST_SUFFIX=''
IF_GNU_MAKE=''
INSTALL_DATA='${INSTALL} -m 644'
INSTALL_DIR='$(INSTALL) -d'
INSTALL_PROGRAM='${INSTALL}'
INSTALL_SCRIPT='${INSTALL}'
LDFLAGS=''
LDFLAGS_GUI=''
LIBEXT='.a'
LIBOBJS=''
LIBPREFIX='lib'
LIBS=''
LN_S='ln -s'
LTLIBOBJS=''
MAKE_SET=''
MONOLITHIC='0'
NM='nm'
OBJCXXFLAGS=''
OBJEXT='o'
PACKAGE_BUGREPORT='info@rheia-framework.com'
PACKAGE_NAME='Rheia Framework'
PACKAGE_STRING='Rheia Framework 2.0.0'
PACKAGE_TARNAME='rheia-framework'
PACKAGE_URL=''
PACKAGE_VERSION='2.0.0'
PATH_SEPARATOR=':'
PIC_FLAG=''
PLATFORM_BEOS='0'
PLATFORM_MAC='0'
PLATFORM_MACOS='0'
PLATFORM_MACOSX='0'
PLATFORM_MSDOS='0'
PLATFORM_OS2='0'
PLATFORM_UNIX='1'
PLATFORM_WIN32='0'
RANLIB='ranlib'
REZ=''
RHEIACONFIG_CFLAGS=''
RHEIACONFIG_CPPFLAGS=''
RHEIACONFIG_LDFLAGS=''
RHEIA_CHARTYPE='unicode'
RHEIA_FLAVOUR=''
RHEIA_LIBRARY_BASENAME_GUI='rheia_gtk2u'
RHEIA_LIBRARY_BASENAME_NOGUI='rheia_gtk2u'
RHEIA_LIB_FLAVOUR=''
RHEIA_MSW_VERSION='200'
RHEIA_RELEASE='2.0'
RHEIA_SUBVERSION='2.0.0.0'
RHEIA_UNIV='0'
RHEIA_VERSION='2.0.0'
SETFILE=''
SET_MAKE=''
SHARED='1'
SHARED_LD_CC='$(CC) -shared  -o'
SHARED_LD_CXX='$(CXX) -shared  -o'
SHARED_LD_MODULE_CC='$(CC) -shared  -o'
SHARED_LD_MODULE_CXX='$(CXX) -shared  -o'
SHELL='/bin/bash'
SONAME_FLAG='-Wl,-soname,'
SO_SUFFIX='so'
SO_SUFFIX_MODULE='so'
STD_BASE_LIBS='utils base loggers workspacemgt packagemgt editor python webconnect'
STRIP='strip'
TOOLCHAIN_FULLNAME='rheia-config'
TOOLKIT='GTK'
TOOLKIT_LOWERCASE='gtk'
TOOLKIT_VERSION='2'
TOOLKI_DIR=''
UNICODE='1'
USE_EXCEPTIONS='1'
USE_IRRLICHT='0'
USE_MACVERSION='0'
USE_PLPLOT='0'
USE_SOTWOSYMLINKS='1'
USE_SOVERCYGWIN='0'
USE_SOVERLINUX='1'
USE_SOVERSION='1'
USE_SOVERSOLARIS='0'
USE_THREADS='1'
USE_WX29='1'
VENDOR='custom'
WINDOWS_IMPLIB='0'
WINDRES=''
WXCONFIG_PATH='/usr/bin'
ac_ct_CC='gcc'
ac_ct_CXX='g++'
bindir='${exec_prefix}/bin'
build='x86_64-unknown-linux-gnu'
build_alias=''
build_cpu='x86_64'
build_os='linux-gnu'
build_vendor='unknown'
datadir='${datarootdir}'
datarootdir='${prefix}/share'
dlldir='${exec_prefix}/lib'
docdir='${datarootdir}/doc/${PACKAGE_TARNAME}'
dvidir='${docdir}'
exec_prefix='${prefix}'
host='x86_64-unknown-linux-gnu'
host_alias=''
host_cpu='x86_64'
host_os='linux-gnu'
host_vendor='unknown'
htmldir='${docdir}'
includedir='${prefix}/include'
infodir='${datarootdir}/info'
libdir='${exec_prefix}/lib'
libexecdir='${exec_prefix}/libexec'
localedir='${datarootdir}/locale'
localstatedir='${prefix}/var'
mandir='${datarootdir}/man'
oldincludedir='/usr/include'
pdfdir='${docdir}'
prefix='/usr'
program_transform_name='s,x,x,'
psdir='${docdir}'
rheia_top_builddir='/home/nicolas/Code/rheia/buildgtk'
sbindir='${exec_prefix}/sbin'
sharedstatedir='${prefix}/com'
sysconfdir='${prefix}/etc'
target_alias=''

## ----------- ##
## confdefs.h. ##
## ----------- ##

/* confdefs.h */
#define PACKAGE_NAME "Rheia Framework"
#define PACKAGE_TARNAME "rheia-framework"
#define PACKAGE_VERSION "2.0.0"
#define PACKAGE_STRING "Rheia Framework 2.0.0"
#define PACKAGE_BUGREPORT "info@rheia-framework.com"
#define PACKAGE_URL ""

configure: exit 0
